<?xml version="1.0" encoding="UTF-8"?>
<!-- Generated by org.testng.reporters.JUnitXMLReporter -->
<testsuite hostname="MNCTVN05589" name="Test" tests="22" failures="1" timestamp="19 Jun 2020 12:03:09 GMT" time="106.506" errors="0">
  <testcase name="@AfterMethod done" time="0.0" classname="testcases.Test_Login">
    <failure type="org.openqa.selenium.json.JsonException" message="Unable to determine type from: &amp;lt;. Last 1 characters read: &amp;lt;
Build info: version: &amp;apos;3.141.59&amp;apos;, revision: &amp;apos;e82be7d358&amp;apos;, time: &amp;apos;2018-11-14T08:17:03&amp;apos;
System info: host: &amp;apos;MNCTVN05589&amp;apos;, ip: &amp;apos;192.168.43.28&amp;apos;, os.name: &amp;apos;Windows 10&amp;apos;, os.arch: &amp;apos;amd64&amp;apos;, os.version: &amp;apos;10.0&amp;apos;, java.version: &amp;apos;1.8.0_221&amp;apos;
Driver info: driver.version: RemoteWebDriver">
      <![CDATA[org.openqa.selenium.json.JsonException: Unable to determine type from: <. Last 1 characters read: <
Build info: version: '3.141.59', revision: 'e82be7d358', time: '2018-11-14T08:17:03'
System info: host: 'MNCTVN05589', ip: '192.168.43.28', os.name: 'Windows 10', os.arch: 'amd64', os.version: '10.0', java.version: '1.8.0_221'
Driver info: driver.version: RemoteWebDriver
	at org.openqa.selenium.json.JsonInput.peek(JsonInput.java:122)
	at org.openqa.selenium.json.JsonTypeCoercer.lambda$null$6(JsonTypeCoercer.java:140)
	at org.openqa.selenium.json.JsonTypeCoercer.coerce(JsonTypeCoercer.java:126)
	at org.openqa.selenium.json.Json.toType(Json.java:69)
	at org.openqa.selenium.json.Json.toType(Json.java:55)
	at org.openqa.selenium.json.Json.toType(Json.java:50)
	at org.openqa.selenium.remote.http.W3CHttpResponseCodec.decode(W3CHttpResponseCodec.java:87)
	at org.openqa.selenium.remote.http.W3CHttpResponseCodec.decode(W3CHttpResponseCodec.java:49)
	at org.openqa.selenium.remote.HttpCommandExecutor.execute(HttpCommandExecutor.java:158)
	at org.openqa.selenium.remote.RemoteWebDriver.execute(RemoteWebDriver.java:552)
	at org.openqa.selenium.remote.RemoteWebDriver.execute(RemoteWebDriver.java:609)
	at org.openqa.selenium.remote.RemoteWebDriver.quit(RemoteWebDriver.java:452)
	at config.Setup.done(Setup.java:43)
... Removed 26 stack frames]]>
    </failure>
  </testcase> <!-- @AfterMethod done -->
  <testcase name="@BeforeMethod set" time="0.0" classname="testcases.Test_Login">
    <skipped/>
  </testcase> <!-- @BeforeMethod set -->
  <testcase name="@AfterMethod done" time="0.0" classname="testcases.Test_Login">
    <skipped/>
  </testcase> <!-- @AfterMethod done -->
  <testcase name="@BeforeMethod set" time="0.0" classname="testcases.Test_Login">
    <skipped/>
  </testcase> <!-- @BeforeMethod set -->
  <testcase name="@AfterMethod done" time="0.0" classname="testcases.Test_Login">
    <skipped/>
  </testcase> <!-- @AfterMethod done -->
  <testcase name="@BeforeMethod set" time="0.0" classname="testcases.Test_List_Menu_Account">
    <skipped/>
  </testcase> <!-- @BeforeMethod set -->
  <testcase name="@AfterMethod done" time="0.0" classname="testcases.Test_List_Menu_Account">
    <skipped/>
  </testcase> <!-- @AfterMethod done -->
  <testcase name="@BeforeMethod set" time="0.0" classname="testcases.Test_List_Menu_Account">
    <skipped/>
  </testcase> <!-- @BeforeMethod set -->
  <testcase name="@AfterMethod done" time="0.0" classname="testcases.Test_List_Menu_Account">
    <skipped/>
  </testcase> <!-- @AfterMethod done -->
  <testcase name="@BeforeMethod set" time="0.0" classname="testcases.Test_List_Menu_Account">
    <skipped/>
  </testcase> <!-- @BeforeMethod set -->
  <testcase name="@AfterMethod done" time="0.0" classname="testcases.Test_List_Menu_Account">
    <skipped/>
  </testcase> <!-- @AfterMethod done -->
  <testcase name="@BeforeMethod set" time="0.0" classname="testcases.Test_List_Menu_Account">
    <skipped/>
  </testcase> <!-- @BeforeMethod set -->
  <testcase name="@AfterMethod done" time="0.0" classname="testcases.Test_List_Menu_Account">
    <skipped/>
  </testcase> <!-- @AfterMethod done -->
  <testcase name="@BeforeMethod set" time="0.0" classname="testcases.Test_List_Menu_Account">
    <skipped/>
  </testcase> <!-- @BeforeMethod set -->
  <testcase name="@AfterMethod done" time="0.0" classname="testcases.Test_List_Menu_Account">
    <skipped/>
  </testcase> <!-- @AfterMethod done -->
  <testcase name="@BeforeMethod set" time="0.0" classname="testcases.Test_List_Menu_Account">
    <skipped/>
  </testcase> <!-- @BeforeMethod set -->
  <testcase name="@AfterMethod done" time="0.0" classname="testcases.Test_List_Menu_Account">
    <skipped/>
  </testcase> <!-- @AfterMethod done -->
  <testcase name="@BeforeMethod set" time="0.0" classname="testcases.Test_List_Menu_Account">
    <skipped/>
  </testcase> <!-- @BeforeMethod set -->
  <testcase name="@AfterMethod done" time="0.0" classname="testcases.Test_List_Menu_Account">
    <skipped/>
  </testcase> <!-- @AfterMethod done -->
  <testcase name="@BeforeMethod set" time="0.0" classname="testcases.Test_List_Menu_Account">
    <skipped/>
  </testcase> <!-- @BeforeMethod set -->
  <testcase name="@AfterMethod done" time="0.0" classname="testcases.Test_List_Menu_Account">
    <skipped/>
  </testcase> <!-- @AfterMethod done -->
  <testcase name="@BeforeMethod set" time="0.0" classname="testcases.Test_List_Menu_Account">
    <skipped/>
  </testcase> <!-- @BeforeMethod set -->
  <testcase name="@AfterMethod done" time="0.0" classname="testcases.Test_List_Menu_Account">
    <skipped/>
  </testcase> <!-- @AfterMethod done -->
  <testcase name="@BeforeMethod set" time="0.0" classname="testcases.Test_List_Menu_Account">
    <skipped/>
  </testcase> <!-- @BeforeMethod set -->
  <testcase name="@AfterMethod done" time="0.0" classname="testcases.Test_List_Menu_Account">
    <skipped/>
  </testcase> <!-- @AfterMethod done -->
  <testcase name="@BeforeMethod set" time="0.0" classname="testcases.Test_Integration_Login">
    <skipped/>
  </testcase> <!-- @BeforeMethod set -->
  <testcase name="@AfterMethod done" time="0.0" classname="testcases.Test_Integration_Login">
    <skipped/>
  </testcase> <!-- @AfterMethod done -->
  <testcase name="@BeforeMethod set" time="0.0" classname="testcases.Test_Integration_Login">
    <skipped/>
  </testcase> <!-- @BeforeMethod set -->
  <testcase name="@AfterMethod done" time="0.0" classname="testcases.Test_Integration_Login">
    <skipped/>
  </testcase> <!-- @AfterMethod done -->
  <testcase name="@BeforeMethod set" time="0.0" classname="testcases.Test_Integration_Login">
    <skipped/>
  </testcase> <!-- @BeforeMethod set -->
  <testcase name="@AfterMethod done" time="0.0" classname="testcases.Test_Integration_Login">
    <skipped/>
  </testcase> <!-- @AfterMethod done -->
  <testcase name="@BeforeMethod set" time="0.0" classname="testcases.Test_Integration_Login">
    <skipped/>
  </testcase> <!-- @BeforeMethod set -->
  <testcase name="@AfterMethod done" time="0.0" classname="testcases.Test_Integration_Login">
    <skipped/>
  </testcase> <!-- @AfterMethod done -->
  <testcase name="@BeforeMethod set" time="0.0" classname="testcases.Test_Integration_Login">
    <skipped/>
  </testcase> <!-- @BeforeMethod set -->
  <testcase name="@AfterMethod done" time="0.0" classname="testcases.Test_Integration_Login">
    <skipped/>
  </testcase> <!-- @AfterMethod done -->
  <testcase name="@BeforeMethod set" time="0.0" classname="testcases.Test_Integration_Login">
    <skipped/>
  </testcase> <!-- @BeforeMethod set -->
  <testcase name="@AfterMethod done" time="0.0" classname="testcases.Test_Integration_Login">
    <skipped/>
  </testcase> <!-- @AfterMethod done -->
  <testcase name="@BeforeMethod set" time="0.0" classname="testcases.Test_Integration_Login">
    <skipped/>
  </testcase> <!-- @BeforeMethod set -->
  <testcase name="@AfterMethod done" time="0.0" classname="testcases.Test_Integration_Login">
    <skipped/>
  </testcase> <!-- @AfterMethod done -->
  <testcase name="@BeforeMethod set" time="0.0" classname="testcases.Test_Integration_Login">
    <skipped/>
  </testcase> <!-- @BeforeMethod set -->
  <testcase name="@AfterMethod done" time="0.0" classname="testcases.Test_Integration_Login">
    <skipped/>
  </testcase> <!-- @AfterMethod done -->
  <testcase name="login_alert_popup" time="29.546" classname="testcases.Test_Login"/>
  <testcase name="login_alert_popup" time="32.246" classname="testcases.Test_Login">
    <failure type="org.openqa.selenium.json.JsonException" message="Unable to determine type from: &amp;lt;. Last 1 characters read: &amp;lt;
Build info: version: &amp;apos;3.141.59&amp;apos;, revision: &amp;apos;e82be7d358&amp;apos;, time: &amp;apos;2018-11-14T08:17:03&amp;apos;
System info: host: &amp;apos;MNCTVN05589&amp;apos;, ip: &amp;apos;192.168.43.28&amp;apos;, os.name: &amp;apos;Windows 10&amp;apos;, os.arch: &amp;apos;amd64&amp;apos;, os.version: &amp;apos;10.0&amp;apos;, java.version: &amp;apos;1.8.0_221&amp;apos;
Driver info: driver.version: RemoteWebDriver">
      <![CDATA[org.openqa.selenium.json.JsonException: Unable to determine type from: <. Last 1 characters read: <
Build info: version: '3.141.59', revision: 'e82be7d358', time: '2018-11-14T08:17:03'
System info: host: 'MNCTVN05589', ip: '192.168.43.28', os.name: 'Windows 10', os.arch: 'amd64', os.version: '10.0', java.version: '1.8.0_221'
Driver info: driver.version: RemoteWebDriver
	at org.openqa.selenium.json.JsonInput.peek(JsonInput.java:122)
	at org.openqa.selenium.json.JsonTypeCoercer.lambda$null$6(JsonTypeCoercer.java:140)
	at org.openqa.selenium.json.JsonTypeCoercer.coerce(JsonTypeCoercer.java:126)
	at org.openqa.selenium.json.Json.toType(Json.java:69)
	at org.openqa.selenium.json.Json.toType(Json.java:55)
	at org.openqa.selenium.json.Json.toType(Json.java:50)
	at org.openqa.selenium.remote.http.W3CHttpResponseCodec.decode(W3CHttpResponseCodec.java:87)
	at org.openqa.selenium.remote.http.W3CHttpResponseCodec.decode(W3CHttpResponseCodec.java:49)
	at org.openqa.selenium.remote.HttpCommandExecutor.execute(HttpCommandExecutor.java:158)
	at org.openqa.selenium.remote.RemoteWebDriver.execute(RemoteWebDriver.java:552)
	at org.openqa.selenium.remote.RemoteWebDriver.get(RemoteWebDriver.java:277)
	at config.Url.urls(Url.java:21)
	at testcases.Test_Login.login_alert_popup(Test_Login.java:52)
... Removed 24 stack frames]]>
    </failure>
  </testcase> <!-- login_alert_popup -->
  <testcase name="login_logout" time="0.002" classname="testcases.Test_Login">
    <skipped/>
  </testcase> <!-- login_logout -->
  <testcase name="login_logout" time="0.002" classname="testcases.Test_Login">
    <skipped/>
  </testcase> <!-- login_logout -->
  <testcase name="menu_account_not_login_button_login" time="0.001" classname="testcases.Test_List_Menu_Account">
    <skipped/>
  </testcase> <!-- menu_account_not_login_button_login -->
  <testcase name="menu_account_not_login_button_scan_qrcode" time="0.001" classname="testcases.Test_List_Menu_Account">
    <skipped/>
  </testcase> <!-- menu_account_not_login_button_scan_qrcode -->
  <testcase name="menu_account_not_login_popup_login" time="0.002" classname="testcases.Test_List_Menu_Account">
    <skipped/>
  </testcase> <!-- menu_account_not_login_popup_login -->
  <testcase name="menu_account_not_login_popup_login" time="0.001" classname="testcases.Test_List_Menu_Account">
    <skipped/>
  </testcase> <!-- menu_account_not_login_popup_login -->
  <testcase name="menu_account_not_login_popup_login" time="0.001" classname="testcases.Test_List_Menu_Account">
    <skipped/>
  </testcase> <!-- menu_account_not_login_popup_login -->
  <testcase name="menu_account_not_login_button_menu_direct" time="0.001" classname="testcases.Test_List_Menu_Account">
    <skipped/>
  </testcase> <!-- menu_account_not_login_button_menu_direct -->
  <testcase name="menu_account_not_login_button_menu_direct" time="0.0" classname="testcases.Test_List_Menu_Account">
    <skipped/>
  </testcase> <!-- menu_account_not_login_button_menu_direct -->
  <testcase name="menu_account_not_login_button_menu_direct" time="0.001" classname="testcases.Test_List_Menu_Account">
    <skipped/>
  </testcase> <!-- menu_account_not_login_button_menu_direct -->
  <testcase name="menu_account_not_login_button_menu_direct" time="0.001" classname="testcases.Test_List_Menu_Account">
    <skipped/>
  </testcase> <!-- menu_account_not_login_button_menu_direct -->
  <testcase name="menu_account_not_login_button_download" time="0.001" classname="testcases.Test_List_Menu_Account">
    <skipped/>
  </testcase> <!-- menu_account_not_login_button_download -->
  <testcase name="login_logout_from_Continue_Watching" time="0.0" classname="testcases.Test_Integration_Login">
    <skipped/>
  </testcase> <!-- login_logout_from_Continue_Watching -->
  <testcase name="login_logout_from_Continue_Watching" time="0.002" classname="testcases.Test_Integration_Login">
    <skipped/>
  </testcase> <!-- login_logout_from_Continue_Watching -->
  <testcase name="login_logout_from_account" time="0.001" classname="testcases.Test_Integration_Login">
    <skipped/>
  </testcase> <!-- login_logout_from_account -->
  <testcase name="login_logout_from_account" time="0.001" classname="testcases.Test_Integration_Login">
    <skipped/>
  </testcase> <!-- login_logout_from_account -->
  <testcase name="login_logout_from_history" time="0.001" classname="testcases.Test_Integration_Login">
    <skipped/>
  </testcase> <!-- login_logout_from_history -->
  <testcase name="login_logout_from_history" time="0.001" classname="testcases.Test_Integration_Login">
    <skipped/>
  </testcase> <!-- login_logout_from_history -->
  <testcase name="login_logout_from_mylist" time="0.0" classname="testcases.Test_Integration_Login">
    <skipped/>
  </testcase> <!-- login_logout_from_mylist -->
  <testcase name="login_logout_from_mylist" time="0.001" classname="testcases.Test_Integration_Login">
    <skipped/>
  </testcase> <!-- login_logout_from_mylist -->
</testsuite> <!-- Test -->
