<?xml version="1.0" encoding="UTF-8"?>
<!-- Generated by org.testng.reporters.JUnitXMLReporter -->
<testsuite hostname="MNCTVN05589" name="Test" tests="133" failures="14" timestamp="8 Jul 2020 08:23:13 GMT" time="6201.42" errors="0">
  <testcase name="login_alert_password" time="32.036" classname="testcases.Test_Login"/>
  <testcase name="login_alert_password" time="30.209" classname="testcases.Test_Login"/>
  <testcase name="login_alert_username" time="30.263" classname="testcases.Test_Login"/>
  <testcase name="login_alert_username" time="29.77" classname="testcases.Test_Login"/>
  <testcase name="login_alert_popup" time="29.916" classname="testcases.Test_Login"/>
  <testcase name="login_alert_popup" time="29.959" classname="testcases.Test_Login"/>
  <testcase name="login_logout_from_Continue_Watching" time="100.553" classname="testcases.Test_Login"/>
  <testcase name="login_logout_from_Continue_Watching" time="102.622" classname="testcases.Test_Login"/>
  <testcase name="login_logout_from_account" time="93.779" classname="testcases.Test_Login"/>
  <testcase name="login_logout_from_account" time="94.649" classname="testcases.Test_Login"/>
  <testcase name="login_logout_from_history" time="108.789" classname="testcases.Test_Login"/>
  <testcase name="login_logout_from_history" time="102.232" classname="testcases.Test_Login"/>
  <testcase name="login_logout_from_mylist" time="96.422" classname="testcases.Test_Login"/>
  <testcase name="login_logout_from_mylist" time="91.304" classname="testcases.Test_Login"/>
  <testcase name="login_succes" time="40.32" classname="testcases.Test_Login"/>
  <testcase name="login_succes" time="40.51" classname="testcases.Test_Login"/>
  <testcase name="login_logout" time="74.849" classname="testcases.Test_Login"/>
  <testcase name="login_logout" time="75.692" classname="testcases.Test_Login"/>
  <testcase name="radio_validate_url" time="6.235" classname="testcases.Test_Radio"/>
  <testcase name="radio_integration" time="11.693" classname="testcases.Test_Radio">
    <failure type="java.lang.AssertionError">
      <![CDATA[java.lang.AssertionError
	at testcases.Test_Radio.radio_integration(Test_Radio.java:36)
... Removed 28 stack frames]]>
    </failure>
  </testcase> <!-- radio_integration -->
  <testcase name="live_tv_list_tab_livetv" time="20.121" classname="testcases.Test_Live_Tv"/>
  <testcase name="live_tv_list_tab_livetv" time="25.428" classname="testcases.Test_Live_Tv"/>
  <testcase name="live_tv_list_tab_livetv" time="37.775" classname="testcases.Test_Live_Tv"/>
  <testcase name="live_tv_list_tab_livetv" time="28.584" classname="testcases.Test_Live_Tv"/>
  <testcase name="live_tv_live_and_cathup" time="32.763" classname="testcases.Test_Live_Tv"/>
  <testcase name="live_tv_live_and_cathup" time="41.625" classname="testcases.Test_Live_Tv"/>
  <testcase name="continue_watching_from_exclusive" time="128.386" classname="testcases.Test_Continue_Watching">
    <failure type="org.openqa.selenium.NoSuchElementException" message="no such element: Unable to locate element: {&amp;quot;method&amp;quot;:&amp;quot;css selector&amp;quot;,&amp;quot;selector&amp;quot;:&amp;quot;.close&amp;quot;}
  (Session info: chrome=83.0.4103.61)
For documentation on this error, please visit: https://www.seleniumhq.org/exceptions/no_such_element.html
Build info: version: &amp;apos;3.141.59&amp;apos;, revision: &amp;apos;e82be7d358&amp;apos;, time: &amp;apos;2018-11-14T08:17:03&amp;apos;
System info: host: &amp;apos;MNCTVN05589&amp;apos;, ip: &amp;apos;192.168.137.1&amp;apos;, os.name: &amp;apos;Windows 10&amp;apos;, os.arch: &amp;apos;amd64&amp;apos;, os.version: &amp;apos;10.0&amp;apos;, java.version: &amp;apos;1.8.0_221&amp;apos;
Driver info: org.openqa.selenium.remote.RemoteWebDriver
Capabilities {acceptInsecureCerts: false, browserName: chrome, browserVersion: 83.0.4103.61, chrome: {chromedriverVersion: 83.0.4103.39 (ccbf011cb2d2b..., userDataDir: /tmp/.com.google.Chrome.PUN8V3}, goog:chromeOptions: {debuggerAddress: localhost:37275}, javascriptEnabled: true, networkConnectionEnabled: false, pageLoadStrategy: normal, platform: LINUX, platformName: LINUX, proxy: Proxy(), setWindowRect: true, strictFileInteractability: false, timeouts: {implicit: 0, pageLoad: 300000, script: 30000}, unhandledPromptBehavior: dismiss and notify, webauthn:virtualAuthenticators: true, webdriver.remote.sessionid: ad4a76ba79870055b965b0af071...}
Session ID: ad4a76ba79870055b965b0af071efb31
*** Element info: {Using=class name, value=close}">
      <![CDATA[org.openqa.selenium.NoSuchElementException: no such element: Unable to locate element: {"method":"css selector","selector":".close"}
  (Session info: chrome=83.0.4103.61)
For documentation on this error, please visit: https://www.seleniumhq.org/exceptions/no_such_element.html
Build info: version: '3.141.59', revision: 'e82be7d358', time: '2018-11-14T08:17:03'
System info: host: 'MNCTVN05589', ip: '192.168.137.1', os.name: 'Windows 10', os.arch: 'amd64', os.version: '10.0', java.version: '1.8.0_221'
Driver info: org.openqa.selenium.remote.RemoteWebDriver
Capabilities {acceptInsecureCerts: false, browserName: chrome, browserVersion: 83.0.4103.61, chrome: {chromedriverVersion: 83.0.4103.39 (ccbf011cb2d2b..., userDataDir: /tmp/.com.google.Chrome.PUN8V3}, goog:chromeOptions: {debuggerAddress: localhost:37275}, javascriptEnabled: true, networkConnectionEnabled: false, pageLoadStrategy: normal, platform: LINUX, platformName: LINUX, proxy: Proxy(), setWindowRect: true, strictFileInteractability: false, timeouts: {implicit: 0, pageLoad: 300000, script: 30000}, unhandledPromptBehavior: dismiss and notify, webauthn:virtualAuthenticators: true, webdriver.remote.sessionid: ad4a76ba79870055b965b0af071...}
Session ID: ad4a76ba79870055b965b0af071efb31
*** Element info: {Using=class name, value=close}
	at org.openqa.selenium.remote.http.W3CHttpResponseCodec.createException(W3CHttpResponseCodec.java:187)
	at org.openqa.selenium.remote.http.W3CHttpResponseCodec.decode(W3CHttpResponseCodec.java:122)
	at org.openqa.selenium.remote.http.W3CHttpResponseCodec.decode(W3CHttpResponseCodec.java:49)
	at org.openqa.selenium.remote.HttpCommandExecutor.execute(HttpCommandExecutor.java:158)
	at org.openqa.selenium.remote.RemoteWebDriver.execute(RemoteWebDriver.java:552)
	at org.openqa.selenium.remote.RemoteWebDriver.findElement(RemoteWebDriver.java:323)
	at org.openqa.selenium.remote.RemoteWebDriver.findElementByClassName(RemoteWebDriver.java:412)
	at org.openqa.selenium.By$ByClassName.findElement(By.java:389)
	at org.openqa.selenium.remote.RemoteWebDriver.findElement(RemoteWebDriver.java:315)
	at object.Button.byClass(Button.java:52)
	at testcases.Test_Continue_Watching.continue_watching_from_exclusive(Test_Continue_Watching.java:53)
... Removed 32 stack frames]]>
    </failure>
  </testcase> <!-- continue_watching_from_exclusive -->
  <testcase name="news_validate_default_kanal" time="11.599" classname="testcases.Test_News"/>
  <testcase name="news_validate_default_kanal" time="7.039" classname="testcases.Test_News"/>
  <testcase name="news_validate_default_kanal" time="11.496" classname="testcases.Test_News"/>
  <testcase name="news_validate_add_kanal" time="44.263" classname="testcases.Test_News"/>
  <testcase name="chat_test_before_login" time="85.939" classname="testcases.Test_Chat"/>
  <testcase name="chat_test_before_login" time="97.7" classname="testcases.Test_Chat"/>
  <testcase name="chat_test_before_login" time="109.685" classname="testcases.Test_Chat"/>
  <testcase name="chat_test_before_login" time="109.364" classname="testcases.Test_Chat"/>
  <testcase name="test_chat_live_event__before_login" time="86.99" classname="testcases.Test_Chat">
    <failure type="org.openqa.selenium.NoSuchElementException" message="no such element: Unable to locate element: {&amp;quot;method&amp;quot;:&amp;quot;css selector&amp;quot;,&amp;quot;selector&amp;quot;:&amp;quot;#btn\-expand&amp;quot;}
  (Session info: chrome=83.0.4103.61)
For documentation on this error, please visit: https://www.seleniumhq.org/exceptions/no_such_element.html
Build info: version: &amp;apos;3.141.59&amp;apos;, revision: &amp;apos;e82be7d358&amp;apos;, time: &amp;apos;2018-11-14T08:17:03&amp;apos;
System info: host: &amp;apos;MNCTVN05589&amp;apos;, ip: &amp;apos;192.168.137.1&amp;apos;, os.name: &amp;apos;Windows 10&amp;apos;, os.arch: &amp;apos;amd64&amp;apos;, os.version: &amp;apos;10.0&amp;apos;, java.version: &amp;apos;1.8.0_221&amp;apos;
Driver info: org.openqa.selenium.remote.RemoteWebDriver
Capabilities {acceptInsecureCerts: false, browserName: chrome, browserVersion: 83.0.4103.61, chrome: {chromedriverVersion: 83.0.4103.39 (ccbf011cb2d2b..., userDataDir: /tmp/.com.google.Chrome.hyLgvz}, goog:chromeOptions: {debuggerAddress: localhost:34173}, javascriptEnabled: true, networkConnectionEnabled: false, pageLoadStrategy: normal, platform: LINUX, platformName: LINUX, proxy: Proxy(), setWindowRect: true, strictFileInteractability: false, timeouts: {implicit: 0, pageLoad: 300000, script: 30000}, unhandledPromptBehavior: dismiss and notify, webauthn:virtualAuthenticators: true, webdriver.remote.sessionid: a6d41691e1a388edf55c94b2d1b...}
Session ID: a6d41691e1a388edf55c94b2d1b6f5b8
*** Element info: {Using=id, value=btn-expand}">
      <![CDATA[org.openqa.selenium.NoSuchElementException: no such element: Unable to locate element: {"method":"css selector","selector":"#btn\-expand"}
  (Session info: chrome=83.0.4103.61)
For documentation on this error, please visit: https://www.seleniumhq.org/exceptions/no_such_element.html
Build info: version: '3.141.59', revision: 'e82be7d358', time: '2018-11-14T08:17:03'
System info: host: 'MNCTVN05589', ip: '192.168.137.1', os.name: 'Windows 10', os.arch: 'amd64', os.version: '10.0', java.version: '1.8.0_221'
Driver info: org.openqa.selenium.remote.RemoteWebDriver
Capabilities {acceptInsecureCerts: false, browserName: chrome, browserVersion: 83.0.4103.61, chrome: {chromedriverVersion: 83.0.4103.39 (ccbf011cb2d2b..., userDataDir: /tmp/.com.google.Chrome.hyLgvz}, goog:chromeOptions: {debuggerAddress: localhost:34173}, javascriptEnabled: true, networkConnectionEnabled: false, pageLoadStrategy: normal, platform: LINUX, platformName: LINUX, proxy: Proxy(), setWindowRect: true, strictFileInteractability: false, timeouts: {implicit: 0, pageLoad: 300000, script: 30000}, unhandledPromptBehavior: dismiss and notify, webauthn:virtualAuthenticators: true, webdriver.remote.sessionid: a6d41691e1a388edf55c94b2d1b...}
Session ID: a6d41691e1a388edf55c94b2d1b6f5b8
*** Element info: {Using=id, value=btn-expand}
	at org.openqa.selenium.remote.http.W3CHttpResponseCodec.createException(W3CHttpResponseCodec.java:187)
	at org.openqa.selenium.remote.http.W3CHttpResponseCodec.decode(W3CHttpResponseCodec.java:122)
	at org.openqa.selenium.remote.http.W3CHttpResponseCodec.decode(W3CHttpResponseCodec.java:49)
	at org.openqa.selenium.remote.HttpCommandExecutor.execute(HttpCommandExecutor.java:158)
	at org.openqa.selenium.remote.RemoteWebDriver.execute(RemoteWebDriver.java:552)
	at org.openqa.selenium.remote.RemoteWebDriver.findElement(RemoteWebDriver.java:323)
	at org.openqa.selenium.remote.RemoteWebDriver.findElementById(RemoteWebDriver.java:372)
	at org.openqa.selenium.By$ById.findElement(By.java:188)
	at org.openqa.selenium.remote.RemoteWebDriver.findElement(RemoteWebDriver.java:315)
	at object.Button.byIdDisplay(Button.java:161)
	at testcases.Test_Chat.test_chat_live_event__before_login(Test_Chat.java:133)
... Removed 32 stack frames]]>
    </failure>
  </testcase> <!-- test_chat_live_event__before_login -->
  <testcase name="test_chat_live_event__before_login" time="45.784" classname="testcases.Test_Chat">
    <failure type="org.openqa.selenium.NoSuchElementException" message="no such element: Unable to locate element: {&amp;quot;method&amp;quot;:&amp;quot;css selector&amp;quot;,&amp;quot;selector&amp;quot;:&amp;quot;#btn\-expand&amp;quot;}
  (Session info: chrome=83.0.4103.61)
For documentation on this error, please visit: https://www.seleniumhq.org/exceptions/no_such_element.html
Build info: version: &amp;apos;3.141.59&amp;apos;, revision: &amp;apos;e82be7d358&amp;apos;, time: &amp;apos;2018-11-14T08:17:03&amp;apos;
System info: host: &amp;apos;MNCTVN05589&amp;apos;, ip: &amp;apos;192.168.137.1&amp;apos;, os.name: &amp;apos;Windows 10&amp;apos;, os.arch: &amp;apos;amd64&amp;apos;, os.version: &amp;apos;10.0&amp;apos;, java.version: &amp;apos;1.8.0_221&amp;apos;
Driver info: org.openqa.selenium.remote.RemoteWebDriver
Capabilities {acceptInsecureCerts: false, browserName: chrome, browserVersion: 83.0.4103.61, chrome: {chromedriverVersion: 83.0.4103.39 (ccbf011cb2d2b..., userDataDir: /tmp/.com.google.Chrome.PzBDbJ}, goog:chromeOptions: {debuggerAddress: localhost:35259}, javascriptEnabled: true, networkConnectionEnabled: false, pageLoadStrategy: normal, platform: LINUX, platformName: LINUX, proxy: Proxy(), setWindowRect: true, strictFileInteractability: false, timeouts: {implicit: 0, pageLoad: 300000, script: 30000}, unhandledPromptBehavior: dismiss and notify, webauthn:virtualAuthenticators: true, webdriver.remote.sessionid: f37062deb3927212f688a0a11ca...}
Session ID: f37062deb3927212f688a0a11ca75646
*** Element info: {Using=id, value=btn-expand}">
      <![CDATA[org.openqa.selenium.NoSuchElementException: no such element: Unable to locate element: {"method":"css selector","selector":"#btn\-expand"}
  (Session info: chrome=83.0.4103.61)
For documentation on this error, please visit: https://www.seleniumhq.org/exceptions/no_such_element.html
Build info: version: '3.141.59', revision: 'e82be7d358', time: '2018-11-14T08:17:03'
System info: host: 'MNCTVN05589', ip: '192.168.137.1', os.name: 'Windows 10', os.arch: 'amd64', os.version: '10.0', java.version: '1.8.0_221'
Driver info: org.openqa.selenium.remote.RemoteWebDriver
Capabilities {acceptInsecureCerts: false, browserName: chrome, browserVersion: 83.0.4103.61, chrome: {chromedriverVersion: 83.0.4103.39 (ccbf011cb2d2b..., userDataDir: /tmp/.com.google.Chrome.PzBDbJ}, goog:chromeOptions: {debuggerAddress: localhost:35259}, javascriptEnabled: true, networkConnectionEnabled: false, pageLoadStrategy: normal, platform: LINUX, platformName: LINUX, proxy: Proxy(), setWindowRect: true, strictFileInteractability: false, timeouts: {implicit: 0, pageLoad: 300000, script: 30000}, unhandledPromptBehavior: dismiss and notify, webauthn:virtualAuthenticators: true, webdriver.remote.sessionid: f37062deb3927212f688a0a11ca...}
Session ID: f37062deb3927212f688a0a11ca75646
*** Element info: {Using=id, value=btn-expand}
	at org.openqa.selenium.remote.http.W3CHttpResponseCodec.createException(W3CHttpResponseCodec.java:187)
	at org.openqa.selenium.remote.http.W3CHttpResponseCodec.decode(W3CHttpResponseCodec.java:122)
	at org.openqa.selenium.remote.http.W3CHttpResponseCodec.decode(W3CHttpResponseCodec.java:49)
	at org.openqa.selenium.remote.HttpCommandExecutor.execute(HttpCommandExecutor.java:158)
	at org.openqa.selenium.remote.RemoteWebDriver.execute(RemoteWebDriver.java:552)
	at org.openqa.selenium.remote.RemoteWebDriver.findElement(RemoteWebDriver.java:323)
	at org.openqa.selenium.remote.RemoteWebDriver.findElementById(RemoteWebDriver.java:372)
	at org.openqa.selenium.By$ById.findElement(By.java:188)
	at org.openqa.selenium.remote.RemoteWebDriver.findElement(RemoteWebDriver.java:315)
	at object.Button.byIdDisplay(Button.java:161)
	at testcases.Test_Chat.test_chat_live_event__before_login(Test_Chat.java:133)
... Removed 32 stack frames]]>
    </failure>
  </testcase> <!-- test_chat_live_event__before_login -->
  <testcase name="test_chat_live_event__before_login" time="44.298" classname="testcases.Test_Chat">
    <failure type="org.openqa.selenium.NoSuchElementException" message="no such element: Unable to locate element: {&amp;quot;method&amp;quot;:&amp;quot;css selector&amp;quot;,&amp;quot;selector&amp;quot;:&amp;quot;#btn\-expand&amp;quot;}
  (Session info: chrome=83.0.4103.61)
For documentation on this error, please visit: https://www.seleniumhq.org/exceptions/no_such_element.html
Build info: version: &amp;apos;3.141.59&amp;apos;, revision: &amp;apos;e82be7d358&amp;apos;, time: &amp;apos;2018-11-14T08:17:03&amp;apos;
System info: host: &amp;apos;MNCTVN05589&amp;apos;, ip: &amp;apos;192.168.137.1&amp;apos;, os.name: &amp;apos;Windows 10&amp;apos;, os.arch: &amp;apos;amd64&amp;apos;, os.version: &amp;apos;10.0&amp;apos;, java.version: &amp;apos;1.8.0_221&amp;apos;
Driver info: org.openqa.selenium.remote.RemoteWebDriver
Capabilities {acceptInsecureCerts: false, browserName: chrome, browserVersion: 83.0.4103.61, chrome: {chromedriverVersion: 83.0.4103.39 (ccbf011cb2d2b..., userDataDir: /tmp/.com.google.Chrome.NXGMLf}, goog:chromeOptions: {debuggerAddress: localhost:46527}, javascriptEnabled: true, networkConnectionEnabled: false, pageLoadStrategy: normal, platform: LINUX, platformName: LINUX, proxy: Proxy(), setWindowRect: true, strictFileInteractability: false, timeouts: {implicit: 0, pageLoad: 300000, script: 30000}, unhandledPromptBehavior: dismiss and notify, webauthn:virtualAuthenticators: true, webdriver.remote.sessionid: cef4a37d282f232795f4ec7783e...}
Session ID: cef4a37d282f232795f4ec7783e78381
*** Element info: {Using=id, value=btn-expand}">
      <![CDATA[org.openqa.selenium.NoSuchElementException: no such element: Unable to locate element: {"method":"css selector","selector":"#btn\-expand"}
  (Session info: chrome=83.0.4103.61)
For documentation on this error, please visit: https://www.seleniumhq.org/exceptions/no_such_element.html
Build info: version: '3.141.59', revision: 'e82be7d358', time: '2018-11-14T08:17:03'
System info: host: 'MNCTVN05589', ip: '192.168.137.1', os.name: 'Windows 10', os.arch: 'amd64', os.version: '10.0', java.version: '1.8.0_221'
Driver info: org.openqa.selenium.remote.RemoteWebDriver
Capabilities {acceptInsecureCerts: false, browserName: chrome, browserVersion: 83.0.4103.61, chrome: {chromedriverVersion: 83.0.4103.39 (ccbf011cb2d2b..., userDataDir: /tmp/.com.google.Chrome.NXGMLf}, goog:chromeOptions: {debuggerAddress: localhost:46527}, javascriptEnabled: true, networkConnectionEnabled: false, pageLoadStrategy: normal, platform: LINUX, platformName: LINUX, proxy: Proxy(), setWindowRect: true, strictFileInteractability: false, timeouts: {implicit: 0, pageLoad: 300000, script: 30000}, unhandledPromptBehavior: dismiss and notify, webauthn:virtualAuthenticators: true, webdriver.remote.sessionid: cef4a37d282f232795f4ec7783e...}
Session ID: cef4a37d282f232795f4ec7783e78381
*** Element info: {Using=id, value=btn-expand}
	at org.openqa.selenium.remote.http.W3CHttpResponseCodec.createException(W3CHttpResponseCodec.java:187)
	at org.openqa.selenium.remote.http.W3CHttpResponseCodec.decode(W3CHttpResponseCodec.java:122)
	at org.openqa.selenium.remote.http.W3CHttpResponseCodec.decode(W3CHttpResponseCodec.java:49)
	at org.openqa.selenium.remote.HttpCommandExecutor.execute(HttpCommandExecutor.java:158)
	at org.openqa.selenium.remote.RemoteWebDriver.execute(RemoteWebDriver.java:552)
	at org.openqa.selenium.remote.RemoteWebDriver.findElement(RemoteWebDriver.java:323)
	at org.openqa.selenium.remote.RemoteWebDriver.findElementById(RemoteWebDriver.java:372)
	at org.openqa.selenium.By$ById.findElement(By.java:188)
	at org.openqa.selenium.remote.RemoteWebDriver.findElement(RemoteWebDriver.java:315)
	at object.Button.byIdDisplay(Button.java:161)
	at testcases.Test_Chat.test_chat_live_event__before_login(Test_Chat.java:133)
... Removed 32 stack frames]]>
    </failure>
  </testcase> <!-- test_chat_live_event__before_login -->
  <testcase name="test_chat_live_event__before_login" time="43.921" classname="testcases.Test_Chat">
    <failure type="org.openqa.selenium.NoSuchElementException" message="no such element: Unable to locate element: {&amp;quot;method&amp;quot;:&amp;quot;css selector&amp;quot;,&amp;quot;selector&amp;quot;:&amp;quot;#btn\-expand&amp;quot;}
  (Session info: chrome=83.0.4103.61)
For documentation on this error, please visit: https://www.seleniumhq.org/exceptions/no_such_element.html
Build info: version: &amp;apos;3.141.59&amp;apos;, revision: &amp;apos;e82be7d358&amp;apos;, time: &amp;apos;2018-11-14T08:17:03&amp;apos;
System info: host: &amp;apos;MNCTVN05589&amp;apos;, ip: &amp;apos;192.168.137.1&amp;apos;, os.name: &amp;apos;Windows 10&amp;apos;, os.arch: &amp;apos;amd64&amp;apos;, os.version: &amp;apos;10.0&amp;apos;, java.version: &amp;apos;1.8.0_221&amp;apos;
Driver info: org.openqa.selenium.remote.RemoteWebDriver
Capabilities {acceptInsecureCerts: false, browserName: chrome, browserVersion: 83.0.4103.61, chrome: {chromedriverVersion: 83.0.4103.39 (ccbf011cb2d2b..., userDataDir: /tmp/.com.google.Chrome.LA0S0E}, goog:chromeOptions: {debuggerAddress: localhost:37965}, javascriptEnabled: true, networkConnectionEnabled: false, pageLoadStrategy: normal, platform: LINUX, platformName: LINUX, proxy: Proxy(), setWindowRect: true, strictFileInteractability: false, timeouts: {implicit: 0, pageLoad: 300000, script: 30000}, unhandledPromptBehavior: dismiss and notify, webauthn:virtualAuthenticators: true, webdriver.remote.sessionid: 6bdfb4e1df048869f1fbd195171...}
Session ID: 6bdfb4e1df048869f1fbd1951715057e
*** Element info: {Using=id, value=btn-expand}">
      <![CDATA[org.openqa.selenium.NoSuchElementException: no such element: Unable to locate element: {"method":"css selector","selector":"#btn\-expand"}
  (Session info: chrome=83.0.4103.61)
For documentation on this error, please visit: https://www.seleniumhq.org/exceptions/no_such_element.html
Build info: version: '3.141.59', revision: 'e82be7d358', time: '2018-11-14T08:17:03'
System info: host: 'MNCTVN05589', ip: '192.168.137.1', os.name: 'Windows 10', os.arch: 'amd64', os.version: '10.0', java.version: '1.8.0_221'
Driver info: org.openqa.selenium.remote.RemoteWebDriver
Capabilities {acceptInsecureCerts: false, browserName: chrome, browserVersion: 83.0.4103.61, chrome: {chromedriverVersion: 83.0.4103.39 (ccbf011cb2d2b..., userDataDir: /tmp/.com.google.Chrome.LA0S0E}, goog:chromeOptions: {debuggerAddress: localhost:37965}, javascriptEnabled: true, networkConnectionEnabled: false, pageLoadStrategy: normal, platform: LINUX, platformName: LINUX, proxy: Proxy(), setWindowRect: true, strictFileInteractability: false, timeouts: {implicit: 0, pageLoad: 300000, script: 30000}, unhandledPromptBehavior: dismiss and notify, webauthn:virtualAuthenticators: true, webdriver.remote.sessionid: 6bdfb4e1df048869f1fbd195171...}
Session ID: 6bdfb4e1df048869f1fbd1951715057e
*** Element info: {Using=id, value=btn-expand}
	at org.openqa.selenium.remote.http.W3CHttpResponseCodec.createException(W3CHttpResponseCodec.java:187)
	at org.openqa.selenium.remote.http.W3CHttpResponseCodec.decode(W3CHttpResponseCodec.java:122)
	at org.openqa.selenium.remote.http.W3CHttpResponseCodec.decode(W3CHttpResponseCodec.java:49)
	at org.openqa.selenium.remote.HttpCommandExecutor.execute(HttpCommandExecutor.java:158)
	at org.openqa.selenium.remote.RemoteWebDriver.execute(RemoteWebDriver.java:552)
	at org.openqa.selenium.remote.RemoteWebDriver.findElement(RemoteWebDriver.java:323)
	at org.openqa.selenium.remote.RemoteWebDriver.findElementById(RemoteWebDriver.java:372)
	at org.openqa.selenium.By$ById.findElement(By.java:188)
	at org.openqa.selenium.remote.RemoteWebDriver.findElement(RemoteWebDriver.java:315)
	at object.Button.byIdDisplay(Button.java:161)
	at testcases.Test_Chat.test_chat_live_event__before_login(Test_Chat.java:133)
... Removed 32 stack frames]]>
    </failure>
  </testcase> <!-- test_chat_live_event__before_login -->
  <testcase name="chat_test_after_login" time="48.392" classname="testcases.Test_Chat"/>
  <testcase name="chat_test_after_login" time="48.075" classname="testcases.Test_Chat"/>
  <testcase name="chat_test_after_login" time="43.906" classname="testcases.Test_Chat"/>
  <testcase name="chat_test_after_login" time="47.6" classname="testcases.Test_Chat"/>
  <testcase name="chat_test_live_event_after_login" time="72.232" classname="testcases.Test_Chat">
    <failure type="org.openqa.selenium.NoSuchElementException" message="no such element: Unable to locate element: {&amp;quot;method&amp;quot;:&amp;quot;css selector&amp;quot;,&amp;quot;selector&amp;quot;:&amp;quot;#btn\-expand&amp;quot;}
  (Session info: chrome=83.0.4103.61)
For documentation on this error, please visit: https://www.seleniumhq.org/exceptions/no_such_element.html
Build info: version: &amp;apos;3.141.59&amp;apos;, revision: &amp;apos;e82be7d358&amp;apos;, time: &amp;apos;2018-11-14T08:17:03&amp;apos;
System info: host: &amp;apos;MNCTVN05589&amp;apos;, ip: &amp;apos;192.168.137.1&amp;apos;, os.name: &amp;apos;Windows 10&amp;apos;, os.arch: &amp;apos;amd64&amp;apos;, os.version: &amp;apos;10.0&amp;apos;, java.version: &amp;apos;1.8.0_221&amp;apos;
Driver info: org.openqa.selenium.remote.RemoteWebDriver
Capabilities {acceptInsecureCerts: false, browserName: chrome, browserVersion: 83.0.4103.61, chrome: {chromedriverVersion: 83.0.4103.39 (ccbf011cb2d2b..., userDataDir: /tmp/.com.google.Chrome.bDcexC}, goog:chromeOptions: {debuggerAddress: localhost:39281}, javascriptEnabled: true, networkConnectionEnabled: false, pageLoadStrategy: normal, platform: LINUX, platformName: LINUX, proxy: Proxy(), setWindowRect: true, strictFileInteractability: false, timeouts: {implicit: 0, pageLoad: 300000, script: 30000}, unhandledPromptBehavior: dismiss and notify, webauthn:virtualAuthenticators: true, webdriver.remote.sessionid: 129d7635fd4188a2c418344e749...}
Session ID: 129d7635fd4188a2c418344e749feef7
*** Element info: {Using=id, value=btn-expand}">
      <![CDATA[org.openqa.selenium.NoSuchElementException: no such element: Unable to locate element: {"method":"css selector","selector":"#btn\-expand"}
  (Session info: chrome=83.0.4103.61)
For documentation on this error, please visit: https://www.seleniumhq.org/exceptions/no_such_element.html
Build info: version: '3.141.59', revision: 'e82be7d358', time: '2018-11-14T08:17:03'
System info: host: 'MNCTVN05589', ip: '192.168.137.1', os.name: 'Windows 10', os.arch: 'amd64', os.version: '10.0', java.version: '1.8.0_221'
Driver info: org.openqa.selenium.remote.RemoteWebDriver
Capabilities {acceptInsecureCerts: false, browserName: chrome, browserVersion: 83.0.4103.61, chrome: {chromedriverVersion: 83.0.4103.39 (ccbf011cb2d2b..., userDataDir: /tmp/.com.google.Chrome.bDcexC}, goog:chromeOptions: {debuggerAddress: localhost:39281}, javascriptEnabled: true, networkConnectionEnabled: false, pageLoadStrategy: normal, platform: LINUX, platformName: LINUX, proxy: Proxy(), setWindowRect: true, strictFileInteractability: false, timeouts: {implicit: 0, pageLoad: 300000, script: 30000}, unhandledPromptBehavior: dismiss and notify, webauthn:virtualAuthenticators: true, webdriver.remote.sessionid: 129d7635fd4188a2c418344e749...}
Session ID: 129d7635fd4188a2c418344e749feef7
*** Element info: {Using=id, value=btn-expand}
	at org.openqa.selenium.remote.http.W3CHttpResponseCodec.createException(W3CHttpResponseCodec.java:187)
	at org.openqa.selenium.remote.http.W3CHttpResponseCodec.decode(W3CHttpResponseCodec.java:122)
	at org.openqa.selenium.remote.http.W3CHttpResponseCodec.decode(W3CHttpResponseCodec.java:49)
	at org.openqa.selenium.remote.HttpCommandExecutor.execute(HttpCommandExecutor.java:158)
	at org.openqa.selenium.remote.RemoteWebDriver.execute(RemoteWebDriver.java:552)
	at org.openqa.selenium.remote.RemoteWebDriver.findElement(RemoteWebDriver.java:323)
	at org.openqa.selenium.remote.RemoteWebDriver.findElementById(RemoteWebDriver.java:372)
	at org.openqa.selenium.By$ById.findElement(By.java:188)
	at org.openqa.selenium.remote.RemoteWebDriver.findElement(RemoteWebDriver.java:315)
	at object.Button.byId(Button.java:22)
	at testcases.Test_Chat.chat_test_live_event_after_login(Test_Chat.java:111)
... Removed 32 stack frames]]>
    </failure>
  </testcase> <!-- chat_test_live_event_after_login -->
  <testcase name="chat_test_live_event_after_login" time="74.254" classname="testcases.Test_Chat">
    <failure type="org.openqa.selenium.NoSuchElementException" message="no such element: Unable to locate element: {&amp;quot;method&amp;quot;:&amp;quot;css selector&amp;quot;,&amp;quot;selector&amp;quot;:&amp;quot;#btn\-expand&amp;quot;}
  (Session info: chrome=83.0.4103.61)
For documentation on this error, please visit: https://www.seleniumhq.org/exceptions/no_such_element.html
Build info: version: &amp;apos;3.141.59&amp;apos;, revision: &amp;apos;e82be7d358&amp;apos;, time: &amp;apos;2018-11-14T08:17:03&amp;apos;
System info: host: &amp;apos;MNCTVN05589&amp;apos;, ip: &amp;apos;192.168.137.1&amp;apos;, os.name: &amp;apos;Windows 10&amp;apos;, os.arch: &amp;apos;amd64&amp;apos;, os.version: &amp;apos;10.0&amp;apos;, java.version: &amp;apos;1.8.0_221&amp;apos;
Driver info: org.openqa.selenium.remote.RemoteWebDriver
Capabilities {acceptInsecureCerts: false, browserName: chrome, browserVersion: 83.0.4103.61, chrome: {chromedriverVersion: 83.0.4103.39 (ccbf011cb2d2b..., userDataDir: /tmp/.com.google.Chrome.y94zth}, goog:chromeOptions: {debuggerAddress: localhost:34089}, javascriptEnabled: true, networkConnectionEnabled: false, pageLoadStrategy: normal, platform: LINUX, platformName: LINUX, proxy: Proxy(), setWindowRect: true, strictFileInteractability: false, timeouts: {implicit: 0, pageLoad: 300000, script: 30000}, unhandledPromptBehavior: dismiss and notify, webauthn:virtualAuthenticators: true, webdriver.remote.sessionid: 21c157db00dd02940ca47182e32...}
Session ID: 21c157db00dd02940ca47182e32bc785
*** Element info: {Using=id, value=btn-expand}">
      <![CDATA[org.openqa.selenium.NoSuchElementException: no such element: Unable to locate element: {"method":"css selector","selector":"#btn\-expand"}
  (Session info: chrome=83.0.4103.61)
For documentation on this error, please visit: https://www.seleniumhq.org/exceptions/no_such_element.html
Build info: version: '3.141.59', revision: 'e82be7d358', time: '2018-11-14T08:17:03'
System info: host: 'MNCTVN05589', ip: '192.168.137.1', os.name: 'Windows 10', os.arch: 'amd64', os.version: '10.0', java.version: '1.8.0_221'
Driver info: org.openqa.selenium.remote.RemoteWebDriver
Capabilities {acceptInsecureCerts: false, browserName: chrome, browserVersion: 83.0.4103.61, chrome: {chromedriverVersion: 83.0.4103.39 (ccbf011cb2d2b..., userDataDir: /tmp/.com.google.Chrome.y94zth}, goog:chromeOptions: {debuggerAddress: localhost:34089}, javascriptEnabled: true, networkConnectionEnabled: false, pageLoadStrategy: normal, platform: LINUX, platformName: LINUX, proxy: Proxy(), setWindowRect: true, strictFileInteractability: false, timeouts: {implicit: 0, pageLoad: 300000, script: 30000}, unhandledPromptBehavior: dismiss and notify, webauthn:virtualAuthenticators: true, webdriver.remote.sessionid: 21c157db00dd02940ca47182e32...}
Session ID: 21c157db00dd02940ca47182e32bc785
*** Element info: {Using=id, value=btn-expand}
	at org.openqa.selenium.remote.http.W3CHttpResponseCodec.createException(W3CHttpResponseCodec.java:187)
	at org.openqa.selenium.remote.http.W3CHttpResponseCodec.decode(W3CHttpResponseCodec.java:122)
	at org.openqa.selenium.remote.http.W3CHttpResponseCodec.decode(W3CHttpResponseCodec.java:49)
	at org.openqa.selenium.remote.HttpCommandExecutor.execute(HttpCommandExecutor.java:158)
	at org.openqa.selenium.remote.RemoteWebDriver.execute(RemoteWebDriver.java:552)
	at org.openqa.selenium.remote.RemoteWebDriver.findElement(RemoteWebDriver.java:323)
	at org.openqa.selenium.remote.RemoteWebDriver.findElementById(RemoteWebDriver.java:372)
	at org.openqa.selenium.By$ById.findElement(By.java:188)
	at org.openqa.selenium.remote.RemoteWebDriver.findElement(RemoteWebDriver.java:315)
	at object.Button.byId(Button.java:22)
	at testcases.Test_Chat.chat_test_live_event_after_login(Test_Chat.java:111)
... Removed 32 stack frames]]>
    </failure>
  </testcase> <!-- chat_test_live_event_after_login -->
  <testcase name="chat_test_live_event_after_login" time="71.565" classname="testcases.Test_Chat">
    <failure type="org.openqa.selenium.NoSuchElementException" message="no such element: Unable to locate element: {&amp;quot;method&amp;quot;:&amp;quot;css selector&amp;quot;,&amp;quot;selector&amp;quot;:&amp;quot;#btn\-expand&amp;quot;}
  (Session info: chrome=83.0.4103.61)
For documentation on this error, please visit: https://www.seleniumhq.org/exceptions/no_such_element.html
Build info: version: &amp;apos;3.141.59&amp;apos;, revision: &amp;apos;e82be7d358&amp;apos;, time: &amp;apos;2018-11-14T08:17:03&amp;apos;
System info: host: &amp;apos;MNCTVN05589&amp;apos;, ip: &amp;apos;192.168.137.1&amp;apos;, os.name: &amp;apos;Windows 10&amp;apos;, os.arch: &amp;apos;amd64&amp;apos;, os.version: &amp;apos;10.0&amp;apos;, java.version: &amp;apos;1.8.0_221&amp;apos;
Driver info: org.openqa.selenium.remote.RemoteWebDriver
Capabilities {acceptInsecureCerts: false, browserName: chrome, browserVersion: 83.0.4103.61, chrome: {chromedriverVersion: 83.0.4103.39 (ccbf011cb2d2b..., userDataDir: /tmp/.com.google.Chrome.8Nd57a}, goog:chromeOptions: {debuggerAddress: localhost:41023}, javascriptEnabled: true, networkConnectionEnabled: false, pageLoadStrategy: normal, platform: LINUX, platformName: LINUX, proxy: Proxy(), setWindowRect: true, strictFileInteractability: false, timeouts: {implicit: 0, pageLoad: 300000, script: 30000}, unhandledPromptBehavior: dismiss and notify, webauthn:virtualAuthenticators: true, webdriver.remote.sessionid: c20157be87816c0dd0ce64ace87...}
Session ID: c20157be87816c0dd0ce64ace873085f
*** Element info: {Using=id, value=btn-expand}">
      <![CDATA[org.openqa.selenium.NoSuchElementException: no such element: Unable to locate element: {"method":"css selector","selector":"#btn\-expand"}
  (Session info: chrome=83.0.4103.61)
For documentation on this error, please visit: https://www.seleniumhq.org/exceptions/no_such_element.html
Build info: version: '3.141.59', revision: 'e82be7d358', time: '2018-11-14T08:17:03'
System info: host: 'MNCTVN05589', ip: '192.168.137.1', os.name: 'Windows 10', os.arch: 'amd64', os.version: '10.0', java.version: '1.8.0_221'
Driver info: org.openqa.selenium.remote.RemoteWebDriver
Capabilities {acceptInsecureCerts: false, browserName: chrome, browserVersion: 83.0.4103.61, chrome: {chromedriverVersion: 83.0.4103.39 (ccbf011cb2d2b..., userDataDir: /tmp/.com.google.Chrome.8Nd57a}, goog:chromeOptions: {debuggerAddress: localhost:41023}, javascriptEnabled: true, networkConnectionEnabled: false, pageLoadStrategy: normal, platform: LINUX, platformName: LINUX, proxy: Proxy(), setWindowRect: true, strictFileInteractability: false, timeouts: {implicit: 0, pageLoad: 300000, script: 30000}, unhandledPromptBehavior: dismiss and notify, webauthn:virtualAuthenticators: true, webdriver.remote.sessionid: c20157be87816c0dd0ce64ace87...}
Session ID: c20157be87816c0dd0ce64ace873085f
*** Element info: {Using=id, value=btn-expand}
	at org.openqa.selenium.remote.http.W3CHttpResponseCodec.createException(W3CHttpResponseCodec.java:187)
	at org.openqa.selenium.remote.http.W3CHttpResponseCodec.decode(W3CHttpResponseCodec.java:122)
	at org.openqa.selenium.remote.http.W3CHttpResponseCodec.decode(W3CHttpResponseCodec.java:49)
	at org.openqa.selenium.remote.HttpCommandExecutor.execute(HttpCommandExecutor.java:158)
	at org.openqa.selenium.remote.RemoteWebDriver.execute(RemoteWebDriver.java:552)
	at org.openqa.selenium.remote.RemoteWebDriver.findElement(RemoteWebDriver.java:323)
	at org.openqa.selenium.remote.RemoteWebDriver.findElementById(RemoteWebDriver.java:372)
	at org.openqa.selenium.By$ById.findElement(By.java:188)
	at org.openqa.selenium.remote.RemoteWebDriver.findElement(RemoteWebDriver.java:315)
	at object.Button.byId(Button.java:22)
	at testcases.Test_Chat.chat_test_live_event_after_login(Test_Chat.java:111)
... Removed 32 stack frames]]>
    </failure>
  </testcase> <!-- chat_test_live_event_after_login -->
  <testcase name="chat_test_live_event_after_login" time="71.343" classname="testcases.Test_Chat">
    <failure type="org.openqa.selenium.NoSuchElementException" message="no such element: Unable to locate element: {&amp;quot;method&amp;quot;:&amp;quot;css selector&amp;quot;,&amp;quot;selector&amp;quot;:&amp;quot;#btn\-expand&amp;quot;}
  (Session info: chrome=83.0.4103.61)
For documentation on this error, please visit: https://www.seleniumhq.org/exceptions/no_such_element.html
Build info: version: &amp;apos;3.141.59&amp;apos;, revision: &amp;apos;e82be7d358&amp;apos;, time: &amp;apos;2018-11-14T08:17:03&amp;apos;
System info: host: &amp;apos;MNCTVN05589&amp;apos;, ip: &amp;apos;192.168.137.1&amp;apos;, os.name: &amp;apos;Windows 10&amp;apos;, os.arch: &amp;apos;amd64&amp;apos;, os.version: &amp;apos;10.0&amp;apos;, java.version: &amp;apos;1.8.0_221&amp;apos;
Driver info: org.openqa.selenium.remote.RemoteWebDriver
Capabilities {acceptInsecureCerts: false, browserName: chrome, browserVersion: 83.0.4103.61, chrome: {chromedriverVersion: 83.0.4103.39 (ccbf011cb2d2b..., userDataDir: /tmp/.com.google.Chrome.Dk193F}, goog:chromeOptions: {debuggerAddress: localhost:45959}, javascriptEnabled: true, networkConnectionEnabled: false, pageLoadStrategy: normal, platform: LINUX, platformName: LINUX, proxy: Proxy(), setWindowRect: true, strictFileInteractability: false, timeouts: {implicit: 0, pageLoad: 300000, script: 30000}, unhandledPromptBehavior: dismiss and notify, webauthn:virtualAuthenticators: true, webdriver.remote.sessionid: 951a6f9ed8a48b497d25a329995...}
Session ID: 951a6f9ed8a48b497d25a3299952593f
*** Element info: {Using=id, value=btn-expand}">
      <![CDATA[org.openqa.selenium.NoSuchElementException: no such element: Unable to locate element: {"method":"css selector","selector":"#btn\-expand"}
  (Session info: chrome=83.0.4103.61)
For documentation on this error, please visit: https://www.seleniumhq.org/exceptions/no_such_element.html
Build info: version: '3.141.59', revision: 'e82be7d358', time: '2018-11-14T08:17:03'
System info: host: 'MNCTVN05589', ip: '192.168.137.1', os.name: 'Windows 10', os.arch: 'amd64', os.version: '10.0', java.version: '1.8.0_221'
Driver info: org.openqa.selenium.remote.RemoteWebDriver
Capabilities {acceptInsecureCerts: false, browserName: chrome, browserVersion: 83.0.4103.61, chrome: {chromedriverVersion: 83.0.4103.39 (ccbf011cb2d2b..., userDataDir: /tmp/.com.google.Chrome.Dk193F}, goog:chromeOptions: {debuggerAddress: localhost:45959}, javascriptEnabled: true, networkConnectionEnabled: false, pageLoadStrategy: normal, platform: LINUX, platformName: LINUX, proxy: Proxy(), setWindowRect: true, strictFileInteractability: false, timeouts: {implicit: 0, pageLoad: 300000, script: 30000}, unhandledPromptBehavior: dismiss and notify, webauthn:virtualAuthenticators: true, webdriver.remote.sessionid: 951a6f9ed8a48b497d25a329995...}
Session ID: 951a6f9ed8a48b497d25a3299952593f
*** Element info: {Using=id, value=btn-expand}
	at org.openqa.selenium.remote.http.W3CHttpResponseCodec.createException(W3CHttpResponseCodec.java:187)
	at org.openqa.selenium.remote.http.W3CHttpResponseCodec.decode(W3CHttpResponseCodec.java:122)
	at org.openqa.selenium.remote.http.W3CHttpResponseCodec.decode(W3CHttpResponseCodec.java:49)
	at org.openqa.selenium.remote.HttpCommandExecutor.execute(HttpCommandExecutor.java:158)
	at org.openqa.selenium.remote.RemoteWebDriver.execute(RemoteWebDriver.java:552)
	at org.openqa.selenium.remote.RemoteWebDriver.findElement(RemoteWebDriver.java:323)
	at org.openqa.selenium.remote.RemoteWebDriver.findElementById(RemoteWebDriver.java:372)
	at org.openqa.selenium.By$ById.findElement(By.java:188)
	at org.openqa.selenium.remote.RemoteWebDriver.findElement(RemoteWebDriver.java:315)
	at object.Button.byId(Button.java:22)
	at testcases.Test_Chat.chat_test_live_event_after_login(Test_Chat.java:111)
... Removed 32 stack frames]]>
    </failure>
  </testcase> <!-- chat_test_live_event_after_login -->
  <testcase name="edit_profile_form_field_alert" time="86.617" classname="testcases.Test_Edit_Profile"/>
  <testcase name="edit_profile_form_field_alert" time="86.695" classname="testcases.Test_Edit_Profile"/>
  <testcase name="edit_profile_form_field_alert" time="86.007" classname="testcases.Test_Edit_Profile"/>
  <testcase name="edit_profile_phone_alert" time="89.899" classname="testcases.Test_Edit_Profile"/>
  <testcase name="edit_profile_success_edit_fullname" time="130.077" classname="testcases.Test_Edit_Profile"/>
  <testcase name="sticky_ads" time="74.073" classname="testcases.Test_Sticky_Ads_Homepage">
    <failure type="org.openqa.selenium.NoSuchElementException" message="no such element: Unable to locate element: {&amp;quot;method&amp;quot;:&amp;quot;css selector&amp;quot;,&amp;quot;selector&amp;quot;:&amp;quot;#google_image_div&amp;quot;}
  (Session info: chrome=83.0.4103.61)
For documentation on this error, please visit: https://www.seleniumhq.org/exceptions/no_such_element.html
Build info: version: &amp;apos;3.141.59&amp;apos;, revision: &amp;apos;e82be7d358&amp;apos;, time: &amp;apos;2018-11-14T08:17:03&amp;apos;
System info: host: &amp;apos;MNCTVN05589&amp;apos;, ip: &amp;apos;192.168.137.1&amp;apos;, os.name: &amp;apos;Windows 10&amp;apos;, os.arch: &amp;apos;amd64&amp;apos;, os.version: &amp;apos;10.0&amp;apos;, java.version: &amp;apos;1.8.0_221&amp;apos;
Driver info: org.openqa.selenium.remote.RemoteWebDriver
Capabilities {acceptInsecureCerts: false, browserName: chrome, browserVersion: 83.0.4103.61, chrome: {chromedriverVersion: 83.0.4103.39 (ccbf011cb2d2b..., userDataDir: /tmp/.com.google.Chrome.j5NdH7}, goog:chromeOptions: {debuggerAddress: localhost:36213}, javascriptEnabled: true, networkConnectionEnabled: false, pageLoadStrategy: normal, platform: LINUX, platformName: LINUX, proxy: Proxy(), setWindowRect: true, strictFileInteractability: false, timeouts: {implicit: 0, pageLoad: 300000, script: 30000}, unhandledPromptBehavior: dismiss and notify, webauthn:virtualAuthenticators: true, webdriver.remote.sessionid: f5426662213c51317df482adce9...}
Session ID: f5426662213c51317df482adce90ba1b
*** Element info: {Using=id, value=google_image_div}">
      <![CDATA[org.openqa.selenium.NoSuchElementException: no such element: Unable to locate element: {"method":"css selector","selector":"#google_image_div"}
  (Session info: chrome=83.0.4103.61)
For documentation on this error, please visit: https://www.seleniumhq.org/exceptions/no_such_element.html
Build info: version: '3.141.59', revision: 'e82be7d358', time: '2018-11-14T08:17:03'
System info: host: 'MNCTVN05589', ip: '192.168.137.1', os.name: 'Windows 10', os.arch: 'amd64', os.version: '10.0', java.version: '1.8.0_221'
Driver info: org.openqa.selenium.remote.RemoteWebDriver
Capabilities {acceptInsecureCerts: false, browserName: chrome, browserVersion: 83.0.4103.61, chrome: {chromedriverVersion: 83.0.4103.39 (ccbf011cb2d2b..., userDataDir: /tmp/.com.google.Chrome.j5NdH7}, goog:chromeOptions: {debuggerAddress: localhost:36213}, javascriptEnabled: true, networkConnectionEnabled: false, pageLoadStrategy: normal, platform: LINUX, platformName: LINUX, proxy: Proxy(), setWindowRect: true, strictFileInteractability: false, timeouts: {implicit: 0, pageLoad: 300000, script: 30000}, unhandledPromptBehavior: dismiss and notify, webauthn:virtualAuthenticators: true, webdriver.remote.sessionid: f5426662213c51317df482adce9...}
Session ID: f5426662213c51317df482adce90ba1b
*** Element info: {Using=id, value=google_image_div}
	at org.openqa.selenium.remote.http.W3CHttpResponseCodec.createException(W3CHttpResponseCodec.java:187)
	at org.openqa.selenium.remote.http.W3CHttpResponseCodec.decode(W3CHttpResponseCodec.java:122)
	at org.openqa.selenium.remote.http.W3CHttpResponseCodec.decode(W3CHttpResponseCodec.java:49)
	at org.openqa.selenium.remote.HttpCommandExecutor.execute(HttpCommandExecutor.java:158)
	at org.openqa.selenium.remote.RemoteWebDriver.execute(RemoteWebDriver.java:552)
	at org.openqa.selenium.remote.RemoteWebDriver.findElement(RemoteWebDriver.java:323)
	at org.openqa.selenium.remote.RemoteWebDriver.findElementById(RemoteWebDriver.java:372)
	at org.openqa.selenium.By$ById.findElement(By.java:188)
	at org.openqa.selenium.remote.RemoteWebDriver.findElement(RemoteWebDriver.java:315)
	at object.Button.byIdDisplay(Button.java:161)
	at testcases.Test_Sticky_Ads_Homepage.sticky_ads(Test_Sticky_Ads_Homepage.java:25)
... Removed 32 stack frames]]>
    </failure>
  </testcase> <!-- sticky_ads -->
  <testcase name="sticky_ads_Scroll_Buttom" time="44.013" classname="testcases.Test_Sticky_Ads_Homepage">
    <failure type="org.openqa.selenium.NoSuchElementException" message="no such element: Unable to locate element: {&amp;quot;method&amp;quot;:&amp;quot;css selector&amp;quot;,&amp;quot;selector&amp;quot;:&amp;quot;#google_image_div&amp;quot;}
  (Session info: chrome=83.0.4103.61)
For documentation on this error, please visit: https://www.seleniumhq.org/exceptions/no_such_element.html
Build info: version: &amp;apos;3.141.59&amp;apos;, revision: &amp;apos;e82be7d358&amp;apos;, time: &amp;apos;2018-11-14T08:17:03&amp;apos;
System info: host: &amp;apos;MNCTVN05589&amp;apos;, ip: &amp;apos;192.168.137.1&amp;apos;, os.name: &amp;apos;Windows 10&amp;apos;, os.arch: &amp;apos;amd64&amp;apos;, os.version: &amp;apos;10.0&amp;apos;, java.version: &amp;apos;1.8.0_221&amp;apos;
Driver info: org.openqa.selenium.remote.RemoteWebDriver
Capabilities {acceptInsecureCerts: false, browserName: chrome, browserVersion: 83.0.4103.61, chrome: {chromedriverVersion: 83.0.4103.39 (ccbf011cb2d2b..., userDataDir: /tmp/.com.google.Chrome.ch4zRb}, goog:chromeOptions: {debuggerAddress: localhost:40855}, javascriptEnabled: true, networkConnectionEnabled: false, pageLoadStrategy: normal, platform: LINUX, platformName: LINUX, proxy: Proxy(), setWindowRect: true, strictFileInteractability: false, timeouts: {implicit: 0, pageLoad: 300000, script: 30000}, unhandledPromptBehavior: dismiss and notify, webauthn:virtualAuthenticators: true, webdriver.remote.sessionid: eb9833b6149b663aae6dedf235c...}
Session ID: eb9833b6149b663aae6dedf235c0f30e
*** Element info: {Using=id, value=google_image_div}">
      <![CDATA[org.openqa.selenium.NoSuchElementException: no such element: Unable to locate element: {"method":"css selector","selector":"#google_image_div"}
  (Session info: chrome=83.0.4103.61)
For documentation on this error, please visit: https://www.seleniumhq.org/exceptions/no_such_element.html
Build info: version: '3.141.59', revision: 'e82be7d358', time: '2018-11-14T08:17:03'
System info: host: 'MNCTVN05589', ip: '192.168.137.1', os.name: 'Windows 10', os.arch: 'amd64', os.version: '10.0', java.version: '1.8.0_221'
Driver info: org.openqa.selenium.remote.RemoteWebDriver
Capabilities {acceptInsecureCerts: false, browserName: chrome, browserVersion: 83.0.4103.61, chrome: {chromedriverVersion: 83.0.4103.39 (ccbf011cb2d2b..., userDataDir: /tmp/.com.google.Chrome.ch4zRb}, goog:chromeOptions: {debuggerAddress: localhost:40855}, javascriptEnabled: true, networkConnectionEnabled: false, pageLoadStrategy: normal, platform: LINUX, platformName: LINUX, proxy: Proxy(), setWindowRect: true, strictFileInteractability: false, timeouts: {implicit: 0, pageLoad: 300000, script: 30000}, unhandledPromptBehavior: dismiss and notify, webauthn:virtualAuthenticators: true, webdriver.remote.sessionid: eb9833b6149b663aae6dedf235c...}
Session ID: eb9833b6149b663aae6dedf235c0f30e
*** Element info: {Using=id, value=google_image_div}
	at org.openqa.selenium.remote.http.W3CHttpResponseCodec.createException(W3CHttpResponseCodec.java:187)
	at org.openqa.selenium.remote.http.W3CHttpResponseCodec.decode(W3CHttpResponseCodec.java:122)
	at org.openqa.selenium.remote.http.W3CHttpResponseCodec.decode(W3CHttpResponseCodec.java:49)
	at org.openqa.selenium.remote.HttpCommandExecutor.execute(HttpCommandExecutor.java:158)
	at org.openqa.selenium.remote.RemoteWebDriver.execute(RemoteWebDriver.java:552)
	at org.openqa.selenium.remote.RemoteWebDriver.findElement(RemoteWebDriver.java:323)
	at org.openqa.selenium.remote.RemoteWebDriver.findElementById(RemoteWebDriver.java:372)
	at org.openqa.selenium.By$ById.findElement(By.java:188)
	at org.openqa.selenium.remote.RemoteWebDriver.findElement(RemoteWebDriver.java:315)
	at object.Button.byIdDisplay(Button.java:161)
	at testcases.Test_Sticky_Ads_Homepage.sticky_ads_Scroll_Buttom(Test_Sticky_Ads_Homepage.java:42)
... Removed 32 stack frames]]>
    </failure>
  </testcase> <!-- sticky_ads_Scroll_Buttom -->
  <testcase name="mylist_after_login_library" time="101.833" classname="testcases.Test_Mylist"/>
  <testcase name="integration_mylist_after_login_library" time="141.671" classname="testcases.Test_Mylist"/>
  <testcase name="exclusive_validate_thumbnail" time="16.947" classname="testcases.Test_Exclusive"/>
  <testcase name="integration_exclusive_validate_thumbnail" time="34.34" classname="testcases.Test_Exclusive"/>
  <testcase name="exclusive_validate_list_share" time="8.13" classname="testcases.Test_Exclusive"/>
  <testcase name="exclusive_validate_list_share" time="10.979" classname="testcases.Test_Exclusive"/>
  <testcase name="exclusive_validate_list_share" time="9.264" classname="testcases.Test_Exclusive"/>
  <testcase name="exclusive_validate_list_share" time="13.559" classname="testcases.Test_Exclusive"/>
  <testcase name="exclusive_validate_list_share" time="13.503" classname="testcases.Test_Exclusive"/>
  <testcase name="exclusive_list_tab_menu" time="4.351" classname="testcases.Test_Exclusive"/>
  <testcase name="exclusive_list_tab_menu" time="5.191" classname="testcases.Test_Exclusive"/>
  <testcase name="exclusive_list_tab_menu" time="7.561" classname="testcases.Test_Exclusive"/>
  <testcase name="exclusive_list_tab_menu" time="7.217" classname="testcases.Test_Exclusive"/>
  <testcase name="exclusive_list_tab_menu" time="4.42" classname="testcases.Test_Exclusive"/>
  <testcase name="exclusive_list_tab_menu" time="8.342" classname="testcases.Test_Exclusive"/>
  <testcase name="exclusive_list_tab_menu" time="8.847" classname="testcases.Test_Exclusive"/>
  <testcase name="exclusive_list_tab_menu_klik" time="7.139" classname="testcases.Test_Exclusive"/>
  <testcase name="exclusive_list_tab_menu_klik" time="8.078" classname="testcases.Test_Exclusive"/>
  <testcase name="exclusive_list_tab_menu_klik" time="5.163" classname="testcases.Test_Exclusive">
    <failure type="org.openqa.selenium.ElementClickInterceptedException" message="element click intercepted: Element &amp;lt;li class=&amp;quot;exclusive-item nav-item&amp;quot;&amp;gt;...&amp;lt;/li&amp;gt; is not clickable at point (126, 89). Other element would receive the click: &amp;lt;div class=&amp;quot;default-loader &amp;quot;&amp;gt;...&amp;lt;/div&amp;gt;
  (Session info: chrome=83.0.4103.61)
Build info: version: &amp;apos;3.141.59&amp;apos;, revision: &amp;apos;e82be7d358&amp;apos;, time: &amp;apos;2018-11-14T08:17:03&amp;apos;
System info: host: &amp;apos;MNCTVN05589&amp;apos;, ip: &amp;apos;192.168.137.1&amp;apos;, os.name: &amp;apos;Windows 10&amp;apos;, os.arch: &amp;apos;amd64&amp;apos;, os.version: &amp;apos;10.0&amp;apos;, java.version: &amp;apos;1.8.0_221&amp;apos;
Driver info: org.openqa.selenium.remote.RemoteWebDriver
Capabilities {acceptInsecureCerts: false, browserName: chrome, browserVersion: 83.0.4103.61, chrome: {chromedriverVersion: 83.0.4103.39 (ccbf011cb2d2b..., userDataDir: /tmp/.com.google.Chrome.E6xFX5}, goog:chromeOptions: {debuggerAddress: localhost:41127}, javascriptEnabled: true, networkConnectionEnabled: false, pageLoadStrategy: normal, platform: LINUX, platformName: LINUX, proxy: Proxy(), setWindowRect: true, strictFileInteractability: false, timeouts: {implicit: 0, pageLoad: 300000, script: 30000}, unhandledPromptBehavior: dismiss and notify, webauthn:virtualAuthenticators: true, webdriver.remote.sessionid: 377338150cfd9c36e072ae669b6...}
Session ID: 377338150cfd9c36e072ae669b6e5365">
      <![CDATA[org.openqa.selenium.ElementClickInterceptedException: element click intercepted: Element <li class="exclusive-item nav-item">...</li> is not clickable at point (126, 89). Other element would receive the click: <div class="default-loader ">...</div>
  (Session info: chrome=83.0.4103.61)
Build info: version: '3.141.59', revision: 'e82be7d358', time: '2018-11-14T08:17:03'
System info: host: 'MNCTVN05589', ip: '192.168.137.1', os.name: 'Windows 10', os.arch: 'amd64', os.version: '10.0', java.version: '1.8.0_221'
Driver info: org.openqa.selenium.remote.RemoteWebDriver
Capabilities {acceptInsecureCerts: false, browserName: chrome, browserVersion: 83.0.4103.61, chrome: {chromedriverVersion: 83.0.4103.39 (ccbf011cb2d2b..., userDataDir: /tmp/.com.google.Chrome.E6xFX5}, goog:chromeOptions: {debuggerAddress: localhost:41127}, javascriptEnabled: true, networkConnectionEnabled: false, pageLoadStrategy: normal, platform: LINUX, platformName: LINUX, proxy: Proxy(), setWindowRect: true, strictFileInteractability: false, timeouts: {implicit: 0, pageLoad: 300000, script: 30000}, unhandledPromptBehavior: dismiss and notify, webauthn:virtualAuthenticators: true, webdriver.remote.sessionid: 377338150cfd9c36e072ae669b6...}
Session ID: 377338150cfd9c36e072ae669b6e5365
	at org.openqa.selenium.remote.http.W3CHttpResponseCodec.createException(W3CHttpResponseCodec.java:187)
	at org.openqa.selenium.remote.http.W3CHttpResponseCodec.decode(W3CHttpResponseCodec.java:122)
	at org.openqa.selenium.remote.http.W3CHttpResponseCodec.decode(W3CHttpResponseCodec.java:49)
	at org.openqa.selenium.remote.HttpCommandExecutor.execute(HttpCommandExecutor.java:158)
	at org.openqa.selenium.remote.RemoteWebDriver.execute(RemoteWebDriver.java:552)
	at org.openqa.selenium.remote.RemoteWebElement.execute(RemoteWebElement.java:285)
	at org.openqa.selenium.remote.RemoteWebElement.click(RemoteWebElement.java:84)
	at object.Button.byClassByIndex(Button.java:232)
	at testcases.Test_Exclusive.exclusive_list_tab_menu_klik(Test_Exclusive.java:57)
... Removed 32 stack frames]]>
    </failure>
  </testcase> <!-- exclusive_list_tab_menu_klik -->
  <testcase name="exclusive_list_tab_menu_klik" time="9.651" classname="testcases.Test_Exclusive"/>
  <testcase name="exclusive_list_tab_menu_klik" time="8.603" classname="testcases.Test_Exclusive"/>
  <testcase name="exclusive_list_tab_menu_klik" time="8.669" classname="testcases.Test_Exclusive"/>
  <testcase name="exclusive_list_tab_menu_klik" time="7.199" classname="testcases.Test_Exclusive"/>
  <testcase name="integration_exclusive_list_tab_menu_klik" time="17.203" classname="testcases.Test_Exclusive"/>
  <testcase name="integration_exclusive_list_tab_menu_klik" time="16.8" classname="testcases.Test_Exclusive"/>
  <testcase name="integration_exclusive_list_tab_menu_klik" time="22.918" classname="testcases.Test_Exclusive"/>
  <testcase name="integration_exclusive_list_tab_menu_klik" time="21.339" classname="testcases.Test_Exclusive"/>
  <testcase name="integration_exclusive_list_tab_menu_klik" time="11.407" classname="testcases.Test_Exclusive"/>
  <testcase name="integration_exclusive_list_tab_menu_klik" time="11.518" classname="testcases.Test_Exclusive"/>
  <testcase name="integration_exclusive_list_tab_menu_klik" time="11.022" classname="testcases.Test_Exclusive"/>
  <testcase name="register_alert_email" time="33.99" classname="testcases.Test_Register"/>
  <testcase name="register_alert_email" time="34.053" classname="testcases.Test_Register"/>
  <testcase name="register_email_alert_password1" time="34.2" classname="testcases.Test_Register"/>
  <testcase name="register_email_alert_password2" time="34.264" classname="testcases.Test_Register"/>
  <testcase name="register_alert_phone" time="39.569" classname="testcases.Test_Register"/>
  <testcase name="register_alert_phone" time="38.914" classname="testcases.Test_Register"/>
  <testcase name="register_phone_alert_password1" time="39.242" classname="testcases.Test_Register"/>
  <testcase name="register_phone_alert_password2" time="39.472" classname="testcases.Test_Register"/>
  <testcase name="register_page2_validate_birthday" time="30.645" classname="testcases.Test_Register">
    <failure type="org.openqa.selenium.NoSuchElementException" message="no such element: Unable to locate element: {&amp;quot;method&amp;quot;:&amp;quot;css selector&amp;quot;,&amp;quot;selector&amp;quot;:&amp;quot;.header\-nav\-verif&amp;quot;}
  (Session info: chrome=83.0.4103.61)
For documentation on this error, please visit: https://www.seleniumhq.org/exceptions/no_such_element.html
Build info: version: &amp;apos;3.141.59&amp;apos;, revision: &amp;apos;e82be7d358&amp;apos;, time: &amp;apos;2018-11-14T08:17:03&amp;apos;
System info: host: &amp;apos;MNCTVN05589&amp;apos;, ip: &amp;apos;192.168.137.1&amp;apos;, os.name: &amp;apos;Windows 10&amp;apos;, os.arch: &amp;apos;amd64&amp;apos;, os.version: &amp;apos;10.0&amp;apos;, java.version: &amp;apos;1.8.0_221&amp;apos;
Driver info: org.openqa.selenium.remote.RemoteWebDriver
Capabilities {acceptInsecureCerts: false, browserName: chrome, browserVersion: 83.0.4103.61, chrome: {chromedriverVersion: 83.0.4103.39 (ccbf011cb2d2b..., userDataDir: /tmp/.com.google.Chrome.DNA6HR}, goog:chromeOptions: {debuggerAddress: localhost:35585}, javascriptEnabled: true, networkConnectionEnabled: false, pageLoadStrategy: normal, platform: LINUX, platformName: LINUX, proxy: Proxy(), setWindowRect: true, strictFileInteractability: false, timeouts: {implicit: 0, pageLoad: 300000, script: 30000}, unhandledPromptBehavior: dismiss and notify, webauthn:virtualAuthenticators: true, webdriver.remote.sessionid: cdaf20aa62fe7903c81e15c2280...}
Session ID: cdaf20aa62fe7903c81e15c2280af5de
*** Element info: {Using=class name, value=header-nav-verif}">
      <![CDATA[org.openqa.selenium.NoSuchElementException: no such element: Unable to locate element: {"method":"css selector","selector":".header\-nav\-verif"}
  (Session info: chrome=83.0.4103.61)
For documentation on this error, please visit: https://www.seleniumhq.org/exceptions/no_such_element.html
Build info: version: '3.141.59', revision: 'e82be7d358', time: '2018-11-14T08:17:03'
System info: host: 'MNCTVN05589', ip: '192.168.137.1', os.name: 'Windows 10', os.arch: 'amd64', os.version: '10.0', java.version: '1.8.0_221'
Driver info: org.openqa.selenium.remote.RemoteWebDriver
Capabilities {acceptInsecureCerts: false, browserName: chrome, browserVersion: 83.0.4103.61, chrome: {chromedriverVersion: 83.0.4103.39 (ccbf011cb2d2b..., userDataDir: /tmp/.com.google.Chrome.DNA6HR}, goog:chromeOptions: {debuggerAddress: localhost:35585}, javascriptEnabled: true, networkConnectionEnabled: false, pageLoadStrategy: normal, platform: LINUX, platformName: LINUX, proxy: Proxy(), setWindowRect: true, strictFileInteractability: false, timeouts: {implicit: 0, pageLoad: 300000, script: 30000}, unhandledPromptBehavior: dismiss and notify, webauthn:virtualAuthenticators: true, webdriver.remote.sessionid: cdaf20aa62fe7903c81e15c2280...}
Session ID: cdaf20aa62fe7903c81e15c2280af5de
*** Element info: {Using=class name, value=header-nav-verif}
	at org.openqa.selenium.remote.http.W3CHttpResponseCodec.createException(W3CHttpResponseCodec.java:187)
	at org.openqa.selenium.remote.http.W3CHttpResponseCodec.decode(W3CHttpResponseCodec.java:122)
	at org.openqa.selenium.remote.http.W3CHttpResponseCodec.decode(W3CHttpResponseCodec.java:49)
	at org.openqa.selenium.remote.HttpCommandExecutor.execute(HttpCommandExecutor.java:158)
	at org.openqa.selenium.remote.RemoteWebDriver.execute(RemoteWebDriver.java:552)
	at org.openqa.selenium.remote.RemoteWebDriver.findElement(RemoteWebDriver.java:323)
	at org.openqa.selenium.remote.RemoteWebDriver.findElementByClassName(RemoteWebDriver.java:412)
	at org.openqa.selenium.By$ByClassName.findElement(By.java:389)
	at org.openqa.selenium.remote.RemoteWebDriver.findElement(RemoteWebDriver.java:315)
	at object.Alert.byClass(Alert.java:32)
	at testcases.Test_Register.register_page2_validate_birthday(Test_Register.java:103)
... Removed 32 stack frames]]>
    </failure>
  </testcase> <!-- register_page2_validate_birthday -->
  <testcase name="register_page2_validate_fullname" time="35.836" classname="testcases.Test_Register"/>
  <testcase name="register_page2_validate_gender_Male" time="41.197" classname="testcases.Test_Register"/>
  <testcase name="register_page2_validate_gender_Male" time="41.948" classname="testcases.Test_Register"/>
  <testcase name="homepage_search_direct" time="23.1" classname="testcases.Test_Homepage"/>
  <testcase name="homepage_story" time="11.603" classname="testcases.Test_Homepage"/>
  <testcase name="homepage_slider" time="11.218" classname="testcases.Test_Homepage"/>
  <testcase name="homepage_center_menu" time="6.729" classname="testcases.Test_Homepage"/>
  <testcase name="homepage_center_menu" time="6.217" classname="testcases.Test_Homepage"/>
  <testcase name="homepage_center_menu" time="7.047" classname="testcases.Test_Homepage"/>
  <testcase name="homepage_footer_menu" time="6.379" classname="testcases.Test_Homepage"/>
  <testcase name="homepage_footer_menu" time="6.641" classname="testcases.Test_Homepage"/>
  <testcase name="homepage_footer_menu" time="7.181" classname="testcases.Test_Homepage"/>
  <testcase name="homepage_footer_menu" time="6.565" classname="testcases.Test_Homepage"/>
  <testcase name="homepage_footer_menu" time="6.861" classname="testcases.Test_Homepage"/>
  <testcase name="homepage_footer_menu_direct" time="11.767" classname="testcases.Test_Homepage"/>
  <testcase name="homepage_footer_menu_direct" time="12.662" classname="testcases.Test_Homepage"/>
  <testcase name="homepage_footer_menu_direct" time="11.617" classname="testcases.Test_Homepage"/>
  <testcase name="homepage_footer_menu_direct" time="12.473" classname="testcases.Test_Homepage"/>
  <testcase name="homepage_footer_menu_direct" time="11.739" classname="testcases.Test_Homepage"/>
  <testcase name="homepage_center_menu_direct" time="39.947" classname="testcases.Test_Homepage"/>
  <testcase name="homepage_center_menu_direct" time="14.487" classname="testcases.Test_Homepage"/>
  <testcase name="homepage_center_menu_direct" time="12.066" classname="testcases.Test_Homepage"/>
  <testcase name="menu_account_not_login_button_login" time="28.064" classname="testcases.Test_List_Menu_Account"/>
  <testcase name="menu_account_not_login_button_scan_qrcode" time="6.796" classname="testcases.Test_List_Menu_Account"/>
  <testcase name="menu_account_not_login_popup_login" time="26.606" classname="testcases.Test_List_Menu_Account"/>
  <testcase name="menu_account_not_login_popup_login" time="23.189" classname="testcases.Test_List_Menu_Account"/>
  <testcase name="menu_account_not_login_popup_login" time="22.491" classname="testcases.Test_List_Menu_Account"/>
  <testcase name="menu_account_not_login_button_menu_direct" time="18.967" classname="testcases.Test_List_Menu_Account"/>
  <testcase name="menu_account_not_login_button_menu_direct" time="18.564" classname="testcases.Test_List_Menu_Account"/>
  <testcase name="menu_account_not_login_button_menu_direct" time="18.367" classname="testcases.Test_List_Menu_Account"/>
  <testcase name="menu_account_not_login_button_menu_direct" time="18.327" classname="testcases.Test_List_Menu_Account"/>
  <testcase name="menu_account_not_login_button_download" time="22.811" classname="testcases.Test_List_Menu_Account"/>
  <testcase name="live_event" time="19.421" classname="testcases.Test_Live_Event"/>
  <testcase name="live_event" time="28.919" classname="testcases.Test_Live_Event"/>
  <testcase name="live_event_klik_live_event" time="42.867" classname="testcases.Test_Live_Event"/>
  <testcase name="live_event_klik_live_event" time="51.603" classname="testcases.Test_Live_Event"/>
  <testcase name="forget_password_alert" time="19.884" classname="testcases.Test_Forget_Password"/>
  <testcase name="forget_password_alert" time="18.165" classname="testcases.Test_Forget_Password"/>
  <testcase name="forget_password_alert" time="18.529" classname="testcases.Test_Forget_Password"/>
  <testcase name="forget_password_alert" time="21.14" classname="testcases.Test_Forget_Password"/>
</testsuite> <!-- Test -->
