{"uuid":"f074bb4c-c9d8-4094-a01e-1eb1d1aa1ca4","historyId":"9cb0f35b96bfaef6f95692b46b148b66","fullName":"testcases.Test_Edit_Profile.edit_profile_upload_foto","labels":[{"name":"package","value":"testcases.Test_Edit_Profile"},{"name":"testClass","value":"testcases.Test_Edit_Profile"},{"name":"testMethod","value":"edit_profile_upload_foto"},{"name":"parentSuite","value":"Default suite"},{"name":"suite","value":"Default test"},{"name":"subSuite","value":"testcases.Test_Edit_Profile"},{"name":"host","value":"MNCTVN05589"},{"name":"thread","value":"29656@MNCTVN05589.main(1)"},{"name":"severity","value":"critical"}],"links":[],"name":"edit_profile_upload_foto","status":"broken","statusDetails":{"known":false,"muted":false,"flaky":false,"message":"\nThe data provider is trying to pass 3 parameters but the method testcases.Test_Edit_Profile#edit_profile_upload_foto takes 4 and TestNG is unable in inject a suitable object","trace":"org.testng.TestNGException: \nThe data provider is trying to pass 3 parameters but the method testcases.Test_Edit_Profile#edit_profile_upload_foto takes 4 and TestNG is unable in inject a suitable object\r\n\tat org.testng.internal.Invoker.injectParameters(Invoker.java:1253)\r\n\tat org.testng.internal.Invoker.invokeTestMethods(Invoker.java:1122)\r\n\tat org.testng.internal.TestMethodWorker.invokeTestMethods(TestMethodWorker.java:129)\r\n\tat org.testng.internal.TestMethodWorker.run(TestMethodWorker.java:112)\r\n\tat org.testng.TestRunner.privateRun(TestRunner.java:782)\r\n\tat org.testng.TestRunner.run(TestRunner.java:632)\r\n\tat org.testng.SuiteRunner.runTest(SuiteRunner.java:366)\r\n\tat org.testng.SuiteRunner.runSequentially(SuiteRunner.java:361)\r\n\tat org.testng.SuiteRunner.privateRun(SuiteRunner.java:319)\r\n\tat org.testng.SuiteRunner.run(SuiteRunner.java:268)\r\n\tat org.testng.SuiteRunnerWorker.runSuite(SuiteRunnerWorker.java:52)\r\n\tat org.testng.SuiteRunnerWorker.run(SuiteRunnerWorker.java:86)\r\n\tat org.testng.TestNG.runSuitesSequentially(TestNG.java:1244)\r\n\tat org.testng.TestNG.runSuitesLocally(TestNG.java:1169)\r\n\tat org.testng.TestNG.run(TestNG.java:1064)\r\n\tat org.testng.remote.AbstractRemoteTestNG.run(AbstractRemoteTestNG.java:132)\r\n\tat org.testng.remote.RemoteTestNG.initAndRun(RemoteTestNG.java:236)\r\n\tat org.testng.remote.RemoteTestNG.main(RemoteTestNG.java:81)\r\nCaused by: java.lang.ArrayIndexOutOfBoundsException: 3\r\n\tat org.testng.internal.Invoker.injectParameters(Invoker.java:1249)\r\n\t... 17 more\r\n"},"stage":"finished","description":"Edit Profile Test - Success Edit Profile","start":1593316600649,"stop":1593316600658,"parameters":[]}