<?xml version="1.0" encoding="UTF-8"?>
<!-- Generated by org.testng.reporters.JUnitReportReporter -->
<testsuite hostname="MNCTVN05589" name="testcases.Test_Exclusive" tests="28" failures="0" timestamp="8 Jul 2020 08:23:13 GMT" time="605.885" errors="1">
  <testcase name="integration_exclusive_list_tab_menu_klik" time="25.405" classname="testcases.Test_Exclusive"/>
  <testcase name="integration_exclusive_list_tab_menu_klik" time="18.819" classname="testcases.Test_Exclusive"/>
  <testcase name="exclusive_list_tab_menu" time="17.195" classname="testcases.Test_Exclusive"/>
  <testcase name="exclusive_list_tab_menu" time="11.514" classname="testcases.Test_Exclusive"/>
  <testcase name="integration_exclusive_list_tab_menu_klik" time="29.268" classname="testcases.Test_Exclusive"/>
  <testcase name="exclusive_validate_list_share" time="16.230" classname="testcases.Test_Exclusive"/>
  <testcase name="exclusive_validate_list_share" time="20.804" classname="testcases.Test_Exclusive"/>
  <testcase name="exclusive_list_tab_menu" time="21.516" classname="testcases.Test_Exclusive"/>
  <testcase name="exclusive_list_tab_menu_klik" time="18.968" classname="testcases.Test_Exclusive">
    <error type="org.openqa.selenium.ElementClickInterceptedException" message="element click intercepted: Element &lt;li class=&quot;exclusive-item nav-item&quot;&gt;...&lt;/li&gt; is not clickable at point (126, 89). Other element would receive the click: &lt;div class=&quot;default-loader &quot;&gt;...&lt;/div&gt;
  (Session info: chrome=83.0.4103.61)
Build info: version: &#039;3.141.59&#039;, revision: &#039;e82be7d358&#039;, time: &#039;2018-11-14T08:17:03&#039;
System info: host: &#039;MNCTVN05589&#039;, ip: &#039;192.168.137.1&#039;, os.name: &#039;Windows 10&#039;, os.arch: &#039;amd64&#039;, os.version: &#039;10.0&#039;, java.version: &#039;1.8.0_221&#039;
Driver info: org.openqa.selenium.remote.RemoteWebDriver
Capabilities {acceptInsecureCerts: false, browserName: chrome, browserVersion: 83.0.4103.61, chrome: {chromedriverVersion: 83.0.4103.39 (ccbf011cb2d2b..., userDataDir: /tmp/.com.google.Chrome.E6xFX5}, goog:chromeOptions: {debuggerAddress: localhost:41127}, javascriptEnabled: true, networkConnectionEnabled: false, pageLoadStrategy: normal, platform: LINUX, platformName: LINUX, proxy: Proxy(), setWindowRect: true, strictFileInteractability: false, timeouts: {implicit: 0, pageLoad: 300000, script: 30000}, unhandledPromptBehavior: dismiss and notify, webauthn:virtualAuthenticators: true, webdriver.remote.sessionid: 377338150cfd9c36e072ae669b6...}
Session ID: 377338150cfd9c36e072ae669b6e5365">
      <![CDATA[org.openqa.selenium.ElementClickInterceptedException: element click intercepted: Element <li class="exclusive-item nav-item">...</li> is not clickable at point (126, 89). Other element would receive the click: <div class="default-loader ">...</div>
  (Session info: chrome=83.0.4103.61)
Build info: version: '3.141.59', revision: 'e82be7d358', time: '2018-11-14T08:17:03'
System info: host: 'MNCTVN05589', ip: '192.168.137.1', os.name: 'Windows 10', os.arch: 'amd64', os.version: '10.0', java.version: '1.8.0_221'
Driver info: org.openqa.selenium.remote.RemoteWebDriver
Capabilities {acceptInsecureCerts: false, browserName: chrome, browserVersion: 83.0.4103.61, chrome: {chromedriverVersion: 83.0.4103.39 (ccbf011cb2d2b..., userDataDir: /tmp/.com.google.Chrome.E6xFX5}, goog:chromeOptions: {debuggerAddress: localhost:41127}, javascriptEnabled: true, networkConnectionEnabled: false, pageLoadStrategy: normal, platform: LINUX, platformName: LINUX, proxy: Proxy(), setWindowRect: true, strictFileInteractability: false, timeouts: {implicit: 0, pageLoad: 300000, script: 30000}, unhandledPromptBehavior: dismiss and notify, webauthn:virtualAuthenticators: true, webdriver.remote.sessionid: 377338150cfd9c36e072ae669b6...}
Session ID: 377338150cfd9c36e072ae669b6e5365
	at sun.reflect.NativeConstructorAccessorImpl.newInstance0(Native Method)
	at sun.reflect.NativeConstructorAccessorImpl.newInstance(Unknown Source)
	at sun.reflect.DelegatingConstructorAccessorImpl.newInstance(Unknown Source)
	at java.lang.reflect.Constructor.newInstance(Unknown Source)
	at org.openqa.selenium.remote.http.W3CHttpResponseCodec.createException(W3CHttpResponseCodec.java:187)
	at org.openqa.selenium.remote.http.W3CHttpResponseCodec.decode(W3CHttpResponseCodec.java:122)
	at org.openqa.selenium.remote.http.W3CHttpResponseCodec.decode(W3CHttpResponseCodec.java:49)
	at org.openqa.selenium.remote.HttpCommandExecutor.execute(HttpCommandExecutor.java:158)
	at org.openqa.selenium.remote.RemoteWebDriver.execute(RemoteWebDriver.java:552)
	at org.openqa.selenium.remote.RemoteWebElement.execute(RemoteWebElement.java:285)
	at org.openqa.selenium.remote.RemoteWebElement.click(RemoteWebElement.java:84)
	at object.Button.byClassByIndex(Button.java:232)
	at testcases.Test_Exclusive.exclusive_list_tab_menu_klik(Test_Exclusive.java:57)
	at sun.reflect.NativeMethodAccessorImpl.invoke0(Native Method)
	at sun.reflect.NativeMethodAccessorImpl.invoke(Unknown Source)
	at sun.reflect.DelegatingMethodAccessorImpl.invoke(Unknown Source)
	at java.lang.reflect.Method.invoke(Unknown Source)
	at org.testng.internal.MethodInvocationHelper.invokeMethod(MethodInvocationHelper.java:86)
	at org.testng.internal.Invoker.invokeMethod(Invoker.java:643)
	at org.testng.internal.Invoker.invokeTestMethod(Invoker.java:820)
	at org.testng.internal.Invoker.invokeTestMethods(Invoker.java:1128)
	at org.testng.internal.TestMethodWorker.invokeTestMethods(TestMethodWorker.java:129)
	at org.testng.internal.TestMethodWorker.run(TestMethodWorker.java:112)
	at org.testng.TestRunner.privateRun(TestRunner.java:782)
	at org.testng.TestRunner.run(TestRunner.java:632)
	at org.testng.SuiteRunner.runTest(SuiteRunner.java:366)
	at org.testng.SuiteRunner.runSequentially(SuiteRunner.java:361)
	at org.testng.SuiteRunner.privateRun(SuiteRunner.java:319)
	at org.testng.SuiteRunner.run(SuiteRunner.java:268)
	at org.testng.SuiteRunnerWorker.runSuite(SuiteRunnerWorker.java:52)
	at org.testng.SuiteRunnerWorker.run(SuiteRunnerWorker.java:86)
	at org.testng.TestNG.runSuitesSequentially(TestNG.java:1244)
	at org.testng.TestNG.runSuitesLocally(TestNG.java:1169)
	at org.testng.TestNG.run(TestNG.java:1064)
	at org.apache.maven.surefire.testng.TestNGExecutor.run(TestNGExecutor.java:283)
	at org.apache.maven.surefire.testng.TestNGXmlTestSuite.execute(TestNGXmlTestSuite.java:75)
	at org.apache.maven.surefire.testng.TestNGProvider.invoke(TestNGProvider.java:120)
	at org.apache.maven.surefire.booter.ForkedBooter.runSuitesInProcess(ForkedBooter.java:377)
	at org.apache.maven.surefire.booter.ForkedBooter.execute(ForkedBooter.java:138)
	at org.apache.maven.surefire.booter.ForkedBooter.run(ForkedBooter.java:465)
	at org.apache.maven.surefire.booter.ForkedBooter.main(ForkedBooter.java:451)
]]>
    </error>
  </testcase> <!-- exclusive_list_tab_menu_klik -->
  <testcase name="integration_exclusive_list_tab_menu_klik" time="35.794" classname="testcases.Test_Exclusive"/>
  <testcase name="exclusive_list_tab_menu" time="20.712" classname="testcases.Test_Exclusive"/>
  <testcase name="exclusive_list_tab_menu_klik" time="15.664" classname="testcases.Test_Exclusive"/>
  <testcase name="exclusive_validate_list_share" time="14.632" classname="testcases.Test_Exclusive"/>
  <testcase name="integration_exclusive_list_tab_menu_klik" time="25.512" classname="testcases.Test_Exclusive"/>
  <testcase name="exclusive_validate_list_share" time="23.690" classname="testcases.Test_Exclusive"/>
  <testcase name="exclusive_list_tab_menu" time="15.433" classname="testcases.Test_Exclusive"/>
  <testcase name="exclusive_list_tab_menu_klik" time="22.918" classname="testcases.Test_Exclusive"/>
  <testcase name="exclusive_validate_list_share" time="20.215" classname="testcases.Test_Exclusive"/>
  <testcase name="integration_exclusive_list_tab_menu_klik" time="25.331" classname="testcases.Test_Exclusive"/>
  <testcase name="exclusive_list_tab_menu_klik" time="14.445" classname="testcases.Test_Exclusive"/>
  <testcase name="exclusive_list_tab_menu_klik" time="22.265" classname="testcases.Test_Exclusive"/>
  <testcase name="exclusive_list_tab_menu_klik" time="14.472" classname="testcases.Test_Exclusive"/>
  <testcase name="exclusive_validate_thumbnail" time="31.411" classname="testcases.Test_Exclusive"/>
  <testcase name="exclusive_list_tab_menu_klik" time="21.487" classname="testcases.Test_Exclusive"/>
  <testcase name="integration_exclusive_list_tab_menu_klik" time="28.744" classname="testcases.Test_Exclusive"/>
  <testcase name="exclusive_list_tab_menu" time="17.889" classname="testcases.Test_Exclusive"/>
  <testcase name="integration_exclusive_validate_thumbnail" time="41.568" classname="testcases.Test_Exclusive"/>
  <testcase name="exclusive_list_tab_menu" time="13.984" classname="testcases.Test_Exclusive"/>
</testsuite> <!-- testcases.Test_Exclusive -->
